[ 2017-02-27T11:28:07+08:00 ] 127.0.0.1 /Xiuli/index.php/
ERR: SQLSTATE[HY000] [2002] ”…”⁄ƒø±Íº∆À„ª˙ª˝º´æ‹æ¯£¨Œﬁ∑®¡¨Ω”°£


[ 2017-02-27T11:28:17+08:00 ] 127.0.0.1 /Xiuli/index.php/xiuli
ERR: SQLSTATE[HY000] [2002] ”…”⁄ƒø±Íº∆À„ª˙ª˝º´æ‹æ¯£¨Œﬁ∑®¡¨Ω”°£


[ 2017-02-27T11:28:45+08:00 ] 127.0.0.1 /Xiuli/index.php/xiuli
ERR: SQLSTATE[HY000] [2002] ”…”⁄ƒø±Íº∆À„ª˙ª˝º´æ‹æ¯£¨Œﬁ∑®¡¨Ω”°£


[ 2017-02-27T11:29:11+08:00 ] 127.0.0.1 /Xiuli/index.php/xiuli
INFO: [ app_init ] --START--
INFO: Run Behavior\BuildLiteBehavior [ RunTime:0.000000s ]
INFO: [ app_init ] --END-- [ RunTime:0.156009s ]
INFO: [ app_begin ] --START--
INFO: Run Behavior\ReadHtmlCacheBehavior [ RunTime:0.001000s ]
INFO: [ app_begin ] --END-- [ RunTime:0.001000s ]
SQL: SHOW COLUMNS FROM `zt_product` [ RunTime:0.1570s ]
SQL: SELECT `web`,`adress`,`desc`,`phone`,`tel`,`qq`,`url`,`record`,`path`,`img` FROM `zt_product` WHERE `id` = 1 LIMIT 1   [ RunTime:0.0250s ]
SQL: SHOW COLUMNS FROM `zt_tp_ad` [ RunTime:0.0160s ]
SQL: SELECT * FROM `zt_tp_ad` WHERE `prodid` = 1 ORDER BY utime desc  [ RunTime:0.0010s ]
SQL: SHOW COLUMNS FROM `zt_xl_prodservice` [ RunTime:0.0060s ]
SQL: SELECT `id`,`mark`,`name`,`state`,`money`,`smoney`,`num`,`istj`,`cate`,`path`,`img`,`utime` FROM `zt_xl_prodservice` WHERE `istj` = 1 AND `state` = 'ÂèëÂ∏É' ORDER BY utime desc  [ RunTime:0.0140s ]
SQL: SELECT `id`,`mark`,`name`,`state`,`money`,`smoney`,`num`,`istj`,`cate`,`path`,`img`,`utime` FROM `zt_xl_prodservice` WHERE `cate` = 34 AND `state` = 'ÂèëÂ∏É' ORDER BY sn,id  [ RunTime:0.0010s ]
SQL: SELECT `id`,`mark`,`name`,`state`,`money`,`smoney`,`num`,`istj`,`cate`,`path`,`img`,`utime` FROM `zt_xl_prodservice` WHERE `cate` = 18 AND `state` = 'ÂèëÂ∏É' ORDER BY sn,id  [ RunTime:0.0010s ]
SQL: SELECT `id`,`mark`,`name`,`state`,`money`,`smoney`,`num`,`istj`,`cate`,`path`,`img`,`utime` FROM `zt_xl_prodservice` WHERE `cate` = 5 AND `state` = 'ÂèëÂ∏É' ORDER BY sn,id  [ RunTime:0.0010s ]
SQL: SELECT `id`,`mark`,`name`,`state`,`money`,`smoney`,`num`,`istj`,`cate`,`path`,`img`,`utime` FROM `zt_xl_prodservice` WHERE `cate` = 6 AND `state` = 'ÂèëÂ∏É' ORDER BY sn,id  [ RunTime:0.0010s ]
INFO: [ view_parse ] --START--
INFO: [ template_filter ] --START--
INFO: Run Behavior\ContentReplaceBehavior [ RunTime:0.001000s ]
INFO: [ template_filter ] --END-- [ RunTime:0.001000s ]
NOTIC: [8] Undefined index: keywords F:\xampp\htdocs\Xiuli\Runtime\Cache\Xiuli\47a4b857cea8d5f7288a7485ccb81b27.php Á¨¨ 8 Ë°å.
NOTIC: [8] Use of undefined constant title - assumed 'title' F:\xampp\htdocs\Xiuli\Runtime\Cache\Xiuli\47a4b857cea8d5f7288a7485ccb81b27.php Á¨¨ 73 Ë°å.
NOTIC: [8] Use of undefined constant title - assumed 'title' F:\xampp\htdocs\Xiuli\Runtime\Cache\Xiuli\47a4b857cea8d5f7288a7485ccb81b27.php Á¨¨ 79 Ë°å.
NOTIC: [8] Use of undefined constant title - assumed 'title' F:\xampp\htdocs\Xiuli\Runtime\Cache\Xiuli\47a4b857cea8d5f7288a7485ccb81b27.php Á¨¨ 85 Ë°å.
NOTIC: [8] Use of undefined constant title - assumed 'title' F:\xampp\htdocs\Xiuli\Runtime\Cache\Xiuli\47a4b857cea8d5f7288a7485ccb81b27.php Á¨¨ 91 Ë°å.
NOTIC: [8] Use of undefined constant title - assumed 'title' F:\xampp\htdocs\Xiuli\Runtime\Cache\Xiuli\47a4b857cea8d5f7288a7485ccb81b27.php Á¨¨ 97 Ë°å.
INFO: Run Behavior\ParseTemplateBehavior [ RunTime:0.126008s ]
INFO: [ view_parse ] --END-- [ RunTime:0.127008s ]
INFO: [ view_filter ] --START--
INFO: Run Behavior\WriteHtmlCacheBehavior [ RunTime:0.015000s ]
INFO: [ view_filter ] --END-- [ RunTime:0.015000s ]
INFO: [ app_end ] --START--
INFO: Run Behavior\ShowPageTraceBehavior [ RunTime:0.015001s ]
INFO: [ app_end ] --END-- [ RunTime:0.015001s ]

[ 2017-02-27T11:33:06+08:00 ] 192.168.21.206 /Xiuli/index.php/Xiuli
INFO: [ app_init ] --START--
INFO: Run Behavior\BuildLiteBehavior [ RunTime:0.000000s ]
INFO: [ app_init ] --END-- [ RunTime:0.000000s ]
INFO: [ app_begin ] --START--
INFO: Run Behavior\ReadHtmlCacheBehavior [ RunTime:0.001000s ]
INFO: [ app_begin ] --END-- [ RunTime:0.001000s ]
SQL: SHOW COLUMNS FROM `zt_product` [ RunTime:0.0030s ]
SQL: SELECT `web`,`adress`,`desc`,`phone`,`tel`,`qq`,`url`,`record`,`path`,`img` FROM `zt_product` WHERE `id` = 1 LIMIT 1   [ RunTime:0.0010s ]
SQL: SHOW COLUMNS FROM `zt_tp_ad` [ RunTime:0.0020s ]
SQL: SELECT * FROM `zt_tp_ad` WHERE `prodid` = 1 ORDER BY utime desc  [ RunTime:0.0000s ]
SQL: SHOW COLUMNS FROM `zt_xl_prodservice` [ RunTime:0.0020s ]
SQL: SELECT `id`,`mark`,`name`,`state`,`money`,`smoney`,`num`,`istj`,`cate`,`path`,`img`,`utime` FROM `zt_xl_prodservice` WHERE `istj` = 1 AND `state` = 'ÂèëÂ∏É' ORDER BY utime desc  [ RunTime:0.0880s ]
SQL: SELECT `id`,`mark`,`name`,`state`,`money`,`smoney`,`num`,`istj`,`cate`,`path`,`img`,`utime` FROM `zt_xl_prodservice` WHERE `cate` = 34 AND `state` = 'ÂèëÂ∏É' ORDER BY sn,id  [ RunTime:0.0010s ]
SQL: SELECT `id`,`mark`,`name`,`state`,`money`,`smoney`,`num`,`istj`,`cate`,`path`,`img`,`utime` FROM `zt_xl_prodservice` WHERE `cate` = 18 AND `state` = 'ÂèëÂ∏É' ORDER BY sn,id  [ RunTime:0.0000s ]
SQL: SELECT `id`,`mark`,`name`,`state`,`money`,`smoney`,`num`,`istj`,`cate`,`path`,`img`,`utime` FROM `zt_xl_prodservice` WHERE `cate` = 5 AND `state` = 'ÂèëÂ∏É' ORDER BY sn,id  [ RunTime:0.0000s ]
SQL: SELECT `id`,`mark`,`name`,`state`,`money`,`smoney`,`num`,`istj`,`cate`,`path`,`img`,`utime` FROM `zt_xl_prodservice` WHERE `cate` = 6 AND `state` = 'ÂèëÂ∏É' ORDER BY sn,id  [ RunTime:0.0000s ]
INFO: [ view_parse ] --START--
INFO: [ template_filter ] --START--
INFO: Run Behavior\ContentReplaceBehavior [ RunTime:0.000000s ]
INFO: [ template_filter ] --END-- [ RunTime:0.000000s ]
NOTIC: [8] Undefined index: keywords F:\xampp\htdocs\Xiuli\Runtime\Cache\Xiuli\47a4b857cea8d5f7288a7485ccb81b27.php Á¨¨ 8 Ë°å.
NOTIC: [8] Use of undefined constant title - assumed 'title' F:\xampp\htdocs\Xiuli\Runtime\Cache\Xiuli\47a4b857cea8d5f7288a7485ccb81b27.php Á¨¨ 73 Ë°å.
NOTIC: [8] Use of undefined constant title - assumed 'title' F:\xampp\htdocs\Xiuli\Runtime\Cache\Xiuli\47a4b857cea8d5f7288a7485ccb81b27.php Á¨¨ 79 Ë°å.
NOTIC: [8] Use of undefined constant title - assumed 'title' F:\xampp\htdocs\Xiuli\Runtime\Cache\Xiuli\47a4b857cea8d5f7288a7485ccb81b27.php Á¨¨ 85 Ë°å.
NOTIC: [8] Use of undefined constant title - assumed 'title' F:\xampp\htdocs\Xiuli\Runtime\Cache\Xiuli\47a4b857cea8d5f7288a7485ccb81b27.php Á¨¨ 91 Ë°å.
NOTIC: [8] Use of undefined constant title - assumed 'title' F:\xampp\htdocs\Xiuli\Runtime\Cache\Xiuli\47a4b857cea8d5f7288a7485ccb81b27.php Á¨¨ 97 Ë°å.
INFO: Run Behavior\ParseTemplateBehavior [ RunTime:0.018001s ]
INFO: [ view_parse ] --END-- [ RunTime:0.018001s ]
INFO: [ view_filter ] --START--
INFO: Run Behavior\WriteHtmlCacheBehavior [ RunTime:0.001000s ]
INFO: [ view_filter ] --END-- [ RunTime:0.001000s ]
INFO: [ app_end ] --START--
INFO: Run Behavior\ShowPageTraceBehavior [ RunTime:0.000000s ]
INFO: [ app_end ] --END-- [ RunTime:0.000000s ]

[ 2017-02-27T11:33:09+08:00 ] 192.168.21.206 /Xiuli/index.php/Xiuli/Hr
INFO: [ app_init ] --START--
INFO: Run Behavior\BuildLiteBehavior [ RunTime:0.000000s ]
INFO: [ app_init ] --END-- [ RunTime:0.000000s ]
INFO: [ app_begin ] --START--
INFO: Run Behavior\ReadHtmlCacheBehavior [ RunTime:0.000000s ]
INFO: [ app_begin ] --END-- [ RunTime:0.000000s ]
SQL: SHOW COLUMNS FROM `zt_product` [ RunTime:0.0030s ]
SQL: SELECT `web`,`adress`,`phone`,`tel`,`qq`,`url`,`record`,`path`,`img` FROM `zt_product` WHERE `id` = 1 LIMIT 1   [ RunTime:0.0000s ]
SQL: SHOW COLUMNS FROM `zt_tp_hr` [ RunTime:0.0210s ]
SQL: SELECT * FROM `zt_tp_hr` WHERE `prodid` = 1 AND `istuij` = 0 AND `state` = 'ÊãõËÅò‰∏≠' ORDER BY sn,id  [ RunTime:0.0000s ]
INFO: [ view_parse ] --START--
INFO: [ template_filter ] --START--
INFO: Run Behavior\ContentReplaceBehavior [ RunTime:0.000000s ]
INFO: [ template_filter ] --END-- [ RunTime:0.000000s ]
NOTIC: [8] Undefined index: keywords F:\xampp\htdocs\Xiuli\Runtime\Cache\Xiuli\b66bd236f4f90c58969983ad78090414.php Á¨¨ 8 Ë°å.
INFO: Run Behavior\ParseTemplateBehavior [ RunTime:0.008000s ]
INFO: [ view_parse ] --END-- [ RunTime:0.008000s ]
INFO: [ view_filter ] --START--
INFO: Run Behavior\WriteHtmlCacheBehavior [ RunTime:0.000000s ]
INFO: [ view_filter ] --END-- [ RunTime:0.000000s ]
INFO: [ app_end ] --START--
INFO: Run Behavior\ShowPageTraceBehavior [ RunTime:0.001000s ]
INFO: [ app_end ] --END-- [ RunTime:0.001000s ]

[ 2017-02-27T11:33:11+08:00 ] 192.168.21.206 /Xiuli/index.php/Xiuli/Hr/baom/id/13
INFO: [ app_init ] --START--
INFO: Run Behavior\BuildLiteBehavior [ RunTime:0.000000s ]
INFO: [ app_init ] --END-- [ RunTime:0.000000s ]
INFO: [ app_begin ] --START--
INFO: Run Behavior\ReadHtmlCacheBehavior [ RunTime:0.000000s ]
INFO: [ app_begin ] --END-- [ RunTime:0.000000s ]
SQL: SHOW COLUMNS FROM `zt_product` [ RunTime:0.0030s ]
SQL: SELECT `web`,`adress`,`phone`,`tel`,`qq`,`url`,`record`,`path`,`img` FROM `zt_product` WHERE `id` = 1 LIMIT 1   [ RunTime:0.0000s ]
SQL: SHOW COLUMNS FROM `zt_tp_hr` [ RunTime:0.0020s ]
SQL: SELECT * FROM `zt_tp_hr` WHERE `id` = 13 LIMIT 1   [ RunTime:0.0000s ]
INFO: [ view_parse ] --START--
INFO: [ template_filter ] --START--
INFO: Run Behavior\ContentReplaceBehavior [ RunTime:0.001000s ]
INFO: [ template_filter ] --END-- [ RunTime:0.001000s ]
NOTIC: [8] Undefined index: keywords F:\xampp\htdocs\Xiuli\Runtime\Cache\Xiuli\86326d344666e87e243c1aed568cd47e.php Á¨¨ 8 Ë°å.
INFO: Run Behavior\ParseTemplateBehavior [ RunTime:0.008001s ]
INFO: [ view_parse ] --END-- [ RunTime:0.008001s ]
INFO: [ view_filter ] --START--
INFO: Run Behavior\WriteHtmlCacheBehavior [ RunTime:0.000000s ]
INFO: [ view_filter ] --END-- [ RunTime:0.000000s ]
INFO: [ app_end ] --START--
INFO: Run Behavior\ShowPageTraceBehavior [ RunTime:0.000000s ]
INFO: [ app_end ] --END-- [ RunTime:0.000000s ]

[ 2017-02-27T11:33:14+08:00 ] 192.168.21.206 /Xiuli/index.php/Xiuli/Hr/tuij/id/13
INFO: [ app_init ] --START--
INFO: Run Behavior\BuildLiteBehavior [ RunTime:0.000000s ]
INFO: [ app_init ] --END-- [ RunTime:0.001000s ]
INFO: [ app_begin ] --START--
INFO: Run Behavior\ReadHtmlCacheBehavior [ RunTime:0.000000s ]
INFO: [ app_begin ] --END-- [ RunTime:0.000000s ]
SQL: SHOW COLUMNS FROM `zt_product` [ RunTime:0.0040s ]
SQL: SELECT `web`,`adress`,`phone`,`tel`,`qq`,`url`,`record`,`path`,`img` FROM `zt_product` WHERE `id` = 1 LIMIT 1   [ RunTime:0.0010s ]
SQL: SHOW COLUMNS FROM `zt_tp_hr` [ RunTime:0.0030s ]
SQL: SELECT * FROM `zt_tp_hr` WHERE `id` = 13 LIMIT 1   [ RunTime:0.0000s ]
INFO: [ view_parse ] --START--
INFO: [ template_filter ] --START--
INFO: Run Behavior\ContentReplaceBehavior [ RunTime:0.000000s ]
INFO: [ template_filter ] --END-- [ RunTime:0.001000s ]
NOTIC: [8] Undefined index: keywords F:\xampp\htdocs\Xiuli\Runtime\Cache\Xiuli\a3d93a6591cdb9237d151668ec685ae1.php Á¨¨ 8 Ë°å.
NOTIC: [8] Undefined index: uphone F:\xampp\htdocs\Xiuli\Runtime\Cache\Xiuli\a3d93a6591cdb9237d151668ec685ae1.php Á¨¨ 91 Ë°å.
INFO: Run Behavior\ParseTemplateBehavior [ RunTime:0.009001s ]
INFO: [ view_parse ] --END-- [ RunTime:0.009001s ]
INFO: [ view_filter ] --START--
INFO: Run Behavior\WriteHtmlCacheBehavior [ RunTime:0.000000s ]
INFO: [ view_filter ] --END-- [ RunTime:0.000000s ]
INFO: [ app_end ] --START--
INFO: Run Behavior\ShowPageTraceBehavior [ RunTime:0.000000s ]
INFO: [ app_end ] --END-- [ RunTime:0.000000s ]

[ 2017-02-27T11:33:23+08:00 ] 192.168.21.206 /Xiuli/index.php/Xiuli/Hr
INFO: [ app_init ] --START--
INFO: Run Behavior\BuildLiteBehavior [ RunTime:0.000000s ]
INFO: [ app_init ] --END-- [ RunTime:0.001000s ]
INFO: [ app_begin ] --START--
INFO: Run Behavior\ReadHtmlCacheBehavior [ RunTime:0.000000s ]
INFO: [ app_begin ] --END-- [ RunTime:0.001000s ]
SQL: SHOW COLUMNS FROM `zt_product` [ RunTime:0.0600s ]
SQL: SELECT `web`,`adress`,`phone`,`tel`,`qq`,`url`,`record`,`path`,`img` FROM `zt_product` WHERE `id` = 1 LIMIT 1   [ RunTime:0.0000s ]
SQL: SHOW COLUMNS FROM `zt_tp_hr` [ RunTime:0.0010s ]
SQL: SELECT * FROM `zt_tp_hr` WHERE `prodid` = 1 AND `istuij` = 0 AND `state` = 'ÊãõËÅò‰∏≠' ORDER BY sn,id  [ RunTime:0.0000s ]
INFO: [ view_parse ] --START--
INFO: [ template_filter ] --START--
INFO: Run Behavior\ContentReplaceBehavior [ RunTime:0.000000s ]
INFO: [ template_filter ] --END-- [ RunTime:0.000000s ]
NOTIC: [8] Undefined index: keywords F:\xampp\htdocs\Xiuli\Runtime\Cache\Xiuli\b66bd236f4f90c58969983ad78090414.php Á¨¨ 8 Ë°å.
INFO: Run Behavior\ParseTemplateBehavior [ RunTime:0.003000s ]
INFO: [ view_parse ] --END-- [ RunTime:0.003000s ]
INFO: [ view_filter ] --START--
INFO: Run Behavior\WriteHtmlCacheBehavior [ RunTime:0.000000s ]
INFO: [ view_filter ] --END-- [ RunTime:0.000000s ]
INFO: [ app_end ] --START--
INFO: Run Behavior\ShowPageTraceBehavior [ RunTime:0.001000s ]
INFO: [ app_end ] --END-- [ RunTime:0.001000s ]

[ 2017-02-27T11:33:51+08:00 ] 192.168.21.206 /Xiuli/index.php/Xiuli/Hr/baom/id/13
INFO: [ app_init ] --START--
INFO: Run Behavior\BuildLiteBehavior [ RunTime:0.000000s ]
INFO: [ app_init ] --END-- [ RunTime:0.001000s ]
INFO: [ app_begin ] --START--
INFO: Run Behavior\ReadHtmlCacheBehavior [ RunTime:0.001000s ]
INFO: [ app_begin ] --END-- [ RunTime:0.001000s ]
SQL: SHOW COLUMNS FROM `zt_product` [ RunTime:0.0040s ]
SQL: SELECT `web`,`adress`,`phone`,`tel`,`qq`,`url`,`record`,`path`,`img` FROM `zt_product` WHERE `id` = 1 LIMIT 1   [ RunTime:0.0000s ]
SQL: SHOW COLUMNS FROM `zt_tp_hr` [ RunTime:0.0030s ]
SQL: SELECT * FROM `zt_tp_hr` WHERE `id` = 13 LIMIT 1   [ RunTime:0.0000s ]
INFO: [ view_parse ] --START--
INFO: [ template_filter ] --START--
INFO: Run Behavior\ContentReplaceBehavior [ RunTime:0.000000s ]
INFO: [ template_filter ] --END-- [ RunTime:0.000000s ]
NOTIC: [8] Undefined index: keywords F:\xampp\htdocs\Xiuli\Runtime\Cache\Xiuli\86326d344666e87e243c1aed568cd47e.php Á¨¨ 8 Ë°å.
INFO: Run Behavior\ParseTemplateBehavior [ RunTime:0.008001s ]
INFO: [ view_parse ] --END-- [ RunTime:0.008001s ]
INFO: [ view_filter ] --START--
INFO: Run Behavior\WriteHtmlCacheBehavior [ RunTime:0.000000s ]
INFO: [ view_filter ] --END-- [ RunTime:0.000000s ]
INFO: [ app_end ] --START--
INFO: Run Behavior\ShowPageTraceBehavior [ RunTime:0.001000s ]
INFO: [ app_end ] --END-- [ RunTime:0.001000s ]

[ 2017-02-27T11:33:54+08:00 ] 192.168.21.206 /Xiuli/index.php/Xiuli/Hr/tuij/id/13
INFO: [ app_init ] --START--
INFO: Run Behavior\BuildLiteBehavior [ RunTime:0.000000s ]
INFO: [ app_init ] --END-- [ RunTime:0.000000s ]
INFO: [ app_begin ] --START--
INFO: Run Behavior\ReadHtmlCacheBehavior [ RunTime:0.000000s ]
INFO: [ app_begin ] --END-- [ RunTime:0.000000s ]
SQL: SHOW COLUMNS FROM `zt_product` [ RunTime:0.0060s ]
SQL: SELECT `web`,`adress`,`phone`,`tel`,`qq`,`url`,`record`,`path`,`img` FROM `zt_product` WHERE `id` = 1 LIMIT 1   [ RunTime:0.0010s ]
SQL: SHOW COLUMNS FROM `zt_tp_hr` [ RunTime:0.0050s ]
SQL: SELECT * FROM `zt_tp_hr` WHERE `id` = 13 LIMIT 1   [ RunTime:0.0010s ]
INFO: [ view_parse ] --START--
INFO: [ template_filter ] --START--
INFO: Run Behavior\ContentReplaceBehavior [ RunTime:0.000000s ]
INFO: [ template_filter ] --END-- [ RunTime:0.000000s ]
NOTIC: [8] Undefined index: keywords F:\xampp\htdocs\Xiuli\Runtime\Cache\Xiuli\a3d93a6591cdb9237d151668ec685ae1.php Á¨¨ 8 Ë°å.
NOTIC: [8] Undefined index: uphone F:\xampp\htdocs\Xiuli\Runtime\Cache\Xiuli\a3d93a6591cdb9237d151668ec685ae1.php Á¨¨ 91 Ë°å.
INFO: Run Behavior\ParseTemplateBehavior [ RunTime:0.015001s ]
INFO: [ view_parse ] --END-- [ RunTime:0.015001s ]
INFO: [ view_filter ] --START--
INFO: Run Behavior\WriteHtmlCacheBehavior [ RunTime:0.000000s ]
INFO: [ view_filter ] --END-- [ RunTime:0.000000s ]
INFO: [ app_end ] --START--
INFO: Run Behavior\ShowPageTraceBehavior [ RunTime:0.000000s ]
INFO: [ app_end ] --END-- [ RunTime:0.000000s ]

[ 2017-02-27T11:34:21+08:00 ] 192.168.21.206 /Xiuli/index.php/Xiuli/Hr/tuij/id/13
INFO: [ app_init ] --START--
INFO: Run Behavior\BuildLiteBehavior [ RunTime:0.000000s ]
INFO: [ app_init ] --END-- [ RunTime:0.001000s ]
INFO: [ app_begin ] --START--
INFO: Run Behavior\ReadHtmlCacheBehavior [ RunTime:0.000000s ]
INFO: [ app_begin ] --END-- [ RunTime:0.000000s ]
SQL: SHOW COLUMNS FROM `zt_product` [ RunTime:0.0050s ]
SQL: SELECT `web`,`adress`,`phone`,`tel`,`qq`,`url`,`record`,`path`,`img` FROM `zt_product` WHERE `id` = 1 LIMIT 1   [ RunTime:0.0000s ]
SQL: SHOW COLUMNS FROM `zt_tp_hr` [ RunTime:0.0020s ]
SQL: SELECT * FROM `zt_tp_hr` WHERE `id` = 13 LIMIT 1   [ RunTime:0.0000s ]
INFO: [ view_parse ] --START--
INFO: [ template_filter ] --START--
INFO: Run Behavior\ContentReplaceBehavior [ RunTime:0.000000s ]
INFO: [ template_filter ] --END-- [ RunTime:0.000000s ]
NOTIC: [8] Undefined index: keywords F:\xampp\htdocs\Xiuli\Runtime\Cache\Xiuli\a3d93a6591cdb9237d151668ec685ae1.php Á¨¨ 8 Ë°å.
NOTIC: [8] Undefined index: uphone F:\xampp\htdocs\Xiuli\Runtime\Cache\Xiuli\a3d93a6591cdb9237d151668ec685ae1.php Á¨¨ 91 Ë°å.
INFO: Run Behavior\ParseTemplateBehavior [ RunTime:0.007000s ]
INFO: [ view_parse ] --END-- [ RunTime:0.007000s ]
INFO: [ view_filter ] --START--
INFO: Run Behavior\WriteHtmlCacheBehavior [ RunTime:0.000000s ]
INFO: [ view_filter ] --END-- [ RunTime:0.000000s ]
INFO: [ app_end ] --START--
INFO: Run Behavior\ShowPageTraceBehavior [ RunTime:0.001000s ]
INFO: [ app_end ] --END-- [ RunTime:0.001000s ]

[ 2017-02-27T11:35:43+08:00 ] 192.168.103.3 /Xiuli/index.php/Xiuli/Hr/tuij/id/13
INFO: [ app_init ] --START--
INFO: Run Behavior\BuildLiteBehavior [ RunTime:0.000000s ]
INFO: [ app_init ] --END-- [ RunTime:0.001000s ]
INFO: [ app_begin ] --START--
INFO: Run Behavior\ReadHtmlCacheBehavior [ RunTime:0.000000s ]
INFO: [ app_begin ] --END-- [ RunTime:0.000000s ]
SQL: SHOW COLUMNS FROM `zt_product` [ RunTime:0.0450s ]
SQL: SELECT `web`,`adress`,`phone`,`tel`,`qq`,`url`,`record`,`path`,`img` FROM `zt_product` WHERE `id` = 1 LIMIT 1   [ RunTime:0.0010s ]
SQL: SHOW COLUMNS FROM `zt_tp_hr` [ RunTime:0.0050s ]
SQL: SELECT * FROM `zt_tp_hr` WHERE `id` = 13 LIMIT 1   [ RunTime:0.0010s ]
INFO: [ view_parse ] --START--
INFO: [ template_filter ] --START--
INFO: Run Behavior\ContentReplaceBehavior [ RunTime:0.001000s ]
INFO: [ template_filter ] --END-- [ RunTime:0.001000s ]
NOTIC: [8] Undefined index: keywords F:\xampp\htdocs\Xiuli\Runtime\Cache\Xiuli\a3d93a6591cdb9237d151668ec685ae1.php Á¨¨ 8 Ë°å.
NOTIC: [8] Undefined index: uphone F:\xampp\htdocs\Xiuli\Runtime\Cache\Xiuli\a3d93a6591cdb9237d151668ec685ae1.php Á¨¨ 91 Ë°å.
INFO: Run Behavior\ParseTemplateBehavior [ RunTime:0.017001s ]
INFO: [ view_parse ] --END-- [ RunTime:0.018001s ]
INFO: [ view_filter ] --START--
INFO: Run Behavior\WriteHtmlCacheBehavior [ RunTime:0.001000s ]
INFO: [ view_filter ] --END-- [ RunTime:0.001000s ]
INFO: [ app_end ] --START--
INFO: Run Behavior\ShowPageTraceBehavior [ RunTime:0.001000s ]
INFO: [ app_end ] --END-- [ RunTime:0.001000s ]

[ 2017-02-27T11:36:37+08:00 ] 192.168.21.206 /Xiuli/index.php/Xiuli/Hr/tuij/id/13
INFO: [ app_init ] --START--
INFO: Run Behavior\BuildLiteBehavior [ RunTime:0.000000s ]
INFO: [ app_init ] --END-- [ RunTime:0.000000s ]
INFO: [ app_begin ] --START--
INFO: Run Behavior\ReadHtmlCacheBehavior [ RunTime:0.000000s ]
INFO: [ app_begin ] --END-- [ RunTime:0.000000s ]
SQL: SHOW COLUMNS FROM `zt_product` [ RunTime:0.0180s ]
SQL: SELECT `web`,`adress`,`phone`,`tel`,`qq`,`url`,`record`,`path`,`img` FROM `zt_product` WHERE `id` = 1 LIMIT 1   [ RunTime:0.0000s ]
SQL: SHOW COLUMNS FROM `zt_tp_hr` [ RunTime:0.0010s ]
SQL: SELECT * FROM `zt_tp_hr` WHERE `id` = 13 LIMIT 1   [ RunTime:0.0000s ]
INFO: [ view_parse ] --START--
INFO: [ template_filter ] --START--
INFO: Run Behavior\ContentReplaceBehavior [ RunTime:0.000000s ]
INFO: [ template_filter ] --END-- [ RunTime:0.000000s ]
NOTIC: [8] Undefined index: keywords F:\xampp\htdocs\Xiuli\Runtime\Cache\Xiuli\a3d93a6591cdb9237d151668ec685ae1.php Á¨¨ 8 Ë°å.
NOTIC: [8] Undefined index: uphone F:\xampp\htdocs\Xiuli\Runtime\Cache\Xiuli\a3d93a6591cdb9237d151668ec685ae1.php Á¨¨ 97 Ë°å.
INFO: Run Behavior\ParseTemplateBehavior [ RunTime:0.004000s ]
INFO: [ view_parse ] --END-- [ RunTime:0.004000s ]
INFO: [ view_filter ] --START--
INFO: Run Behavior\WriteHtmlCacheBehavior [ RunTime:0.001000s ]
INFO: [ view_filter ] --END-- [ RunTime:0.001000s ]
INFO: [ app_end ] --START--
INFO: Run Behavior\ShowPageTraceBehavior [ RunTime:0.000000s ]
INFO: [ app_end ] --END-- [ RunTime:0.000000s ]

[ 2017-02-27T11:37:53+08:00 ] 192.168.102.159 /Xiuli/index.php/Xiuli/Hr/tuij/id/13
INFO: [ app_init ] --START--
INFO: Run Behavior\BuildLiteBehavior [ RunTime:0.000000s ]
INFO: [ app_init ] --END-- [ RunTime:0.001000s ]
INFO: [ app_begin ] --START--
INFO: Run Behavior\ReadHtmlCacheBehavior [ RunTime:0.001000s ]
INFO: [ app_begin ] --END-- [ RunTime:0.001000s ]
SQL: SHOW COLUMNS FROM `zt_product` [ RunTime:0.0060s ]
SQL: SELECT `web`,`adress`,`phone`,`tel`,`qq`,`url`,`record`,`path`,`img` FROM `zt_product` WHERE `id` = 1 LIMIT 1   [ RunTime:0.0000s ]
SQL: SHOW COLUMNS FROM `zt_tp_hr` [ RunTime:0.0050s ]
SQL: SELECT * FROM `zt_tp_hr` WHERE `id` = 13 LIMIT 1   [ RunTime:0.0010s ]
INFO: [ view_parse ] --START--
INFO: [ template_filter ] --START--
INFO: Run Behavior\ContentReplaceBehavior [ RunTime:0.000000s ]
INFO: [ template_filter ] --END-- [ RunTime:0.000000s ]
NOTIC: [8] Undefined index: keywords F:\xampp\htdocs\Xiuli\Runtime\Cache\Xiuli\a3d93a6591cdb9237d151668ec685ae1.php Á¨¨ 8 Ë°å.
NOTIC: [8] Undefined index: uphone F:\xampp\htdocs\Xiuli\Runtime\Cache\Xiuli\a3d93a6591cdb9237d151668ec685ae1.php Á¨¨ 97 Ë°å.
INFO: Run Behavior\ParseTemplateBehavior [ RunTime:0.017001s ]
INFO: [ view_parse ] --END-- [ RunTime:0.018001s ]
INFO: [ view_filter ] --START--
INFO: Run Behavior\WriteHtmlCacheBehavior [ RunTime:0.000000s ]
INFO: [ view_filter ] --END-- [ RunTime:0.001000s ]
INFO: [ app_end ] --START--
INFO: Run Behavior\ShowPageTraceBehavior [ RunTime:0.000000s ]
INFO: [ app_end ] --END-- [ RunTime:0.001000s ]

[ 2017-02-27T11:38:15+08:00 ] 192.168.102.159 /Xiuli/index.php/Xiuli/Hr/tuij/id/13?from=singlemessage&isappinstalled=0
INFO: [ app_init ] --START--
INFO: Run Behavior\BuildLiteBehavior [ RunTime:0.000000s ]
INFO: [ app_init ] --END-- [ RunTime:0.001000s ]
INFO: [ app_begin ] --START--
INFO: Run Behavior\ReadHtmlCacheBehavior [ RunTime:0.001000s ]
INFO: [ app_begin ] --END-- [ RunTime:0.001000s ]
SQL: SHOW COLUMNS FROM `zt_product` [ RunTime:0.0060s ]
SQL: SELECT `web`,`adress`,`phone`,`tel`,`qq`,`url`,`record`,`path`,`img` FROM `zt_product` WHERE `id` = 1 LIMIT 1   [ RunTime:0.0000s ]
SQL: SHOW COLUMNS FROM `zt_tp_hr` [ RunTime:0.0050s ]
SQL: SELECT * FROM `zt_tp_hr` WHERE `id` = 13 LIMIT 1   [ RunTime:0.0010s ]
INFO: [ view_parse ] --START--
INFO: [ template_filter ] --START--
INFO: Run Behavior\ContentReplaceBehavior [ RunTime:0.000000s ]
INFO: [ template_filter ] --END-- [ RunTime:0.001000s ]
NOTIC: [8] Undefined index: keywords F:\xampp\htdocs\Xiuli\Runtime\Cache\Xiuli\a3d93a6591cdb9237d151668ec685ae1.php Á¨¨ 8 Ë°å.
NOTIC: [8] Undefined index: uphone F:\xampp\htdocs\Xiuli\Runtime\Cache\Xiuli\a3d93a6591cdb9237d151668ec685ae1.php Á¨¨ 97 Ë°å.
INFO: Run Behavior\ParseTemplateBehavior [ RunTime:0.011001s ]
INFO: [ view_parse ] --END-- [ RunTime:0.011001s ]
INFO: [ view_filter ] --START--
INFO: Run Behavior\WriteHtmlCacheBehavior [ RunTime:0.001000s ]
INFO: [ view_filter ] --END-- [ RunTime:0.001000s ]
INFO: [ app_end ] --START--
INFO: Run Behavior\ShowPageTraceBehavior [ RunTime:0.000000s ]
INFO: [ app_end ] --END-- [ RunTime:0.000000s ]

[ 2017-02-27T11:39:19+08:00 ] 192.168.21.206 /Xiuli/index.php/Xiuli/Hr/tuij/id/13
INFO: [ app_init ] --START--
INFO: Run Behavior\BuildLiteBehavior [ RunTime:0.000000s ]
INFO: [ app_init ] --END-- [ RunTime:0.001000s ]
INFO: [ app_begin ] --START--
INFO: Run Behavior\ReadHtmlCacheBehavior [ RunTime:0.001000s ]
INFO: [ app_begin ] --END-- [ RunTime:0.001000s ]
SQL: SHOW COLUMNS FROM `zt_product` [ RunTime:0.0040s ]
SQL: SELECT `web`,`adress`,`phone`,`tel`,`qq`,`url`,`record`,`path`,`img` FROM `zt_product` WHERE `id` = 1 LIMIT 1   [ RunTime:0.0000s ]
SQL: SHOW COLUMNS FROM `zt_tp_hr` [ RunTime:0.0030s ]
SQL: SELECT * FROM `zt_tp_hr` WHERE `id` = 13 LIMIT 1   [ RunTime:0.0010s ]
INFO: [ view_parse ] --START--
INFO: [ template_filter ] --START--
INFO: Run Behavior\ContentReplaceBehavior [ RunTime:0.000000s ]
INFO: [ template_filter ] --END-- [ RunTime:0.000000s ]
NOTIC: [8] Undefined index: keywords F:\xampp\htdocs\Xiuli\Runtime\Cache\Xiuli\a3d93a6591cdb9237d151668ec685ae1.php Á¨¨ 8 Ë°å.
NOTIC: [8] Undefined index: uphone F:\xampp\htdocs\Xiuli\Runtime\Cache\Xiuli\a3d93a6591cdb9237d151668ec685ae1.php Á¨¨ 97 Ë°å.
INFO: Run Behavior\ParseTemplateBehavior [ RunTime:0.011001s ]
INFO: [ view_parse ] --END-- [ RunTime:0.011001s ]
INFO: [ view_filter ] --START--
INFO: Run Behavior\WriteHtmlCacheBehavior [ RunTime:0.000000s ]
INFO: [ view_filter ] --END-- [ RunTime:0.000000s ]
INFO: [ app_end ] --START--
INFO: Run Behavior\ShowPageTraceBehavior [ RunTime:0.001000s ]
INFO: [ app_end ] --END-- [ RunTime:0.001000s ]

[ 2017-02-27T11:39:55+08:00 ] 192.168.21.206 /Xiuli/index.php/Xiuli/Hr/tuij/id/13
INFO: [ app_init ] --START--
INFO: Run Behavior\BuildLiteBehavior [ RunTime:0.000000s ]
INFO: [ app_init ] --END-- [ RunTime:0.001000s ]
INFO: [ app_begin ] --START--
INFO: Run Behavior\ReadHtmlCacheBehavior [ RunTime:0.000000s ]
INFO: [ app_begin ] --END-- [ RunTime:0.000000s ]
SQL: SHOW COLUMNS FROM `zt_product` [ RunTime:0.0190s ]
SQL: SELECT `web`,`adress`,`phone`,`tel`,`qq`,`url`,`record`,`path`,`img` FROM `zt_product` WHERE `id` = 1 LIMIT 1   [ RunTime:0.0000s ]
SQL: SHOW COLUMNS FROM `zt_tp_hr` [ RunTime:0.0030s ]
SQL: SELECT * FROM `zt_tp_hr` WHERE `id` = 13 LIMIT 1   [ RunTime:0.0010s ]
INFO: [ view_parse ] --START--
INFO: [ template_filter ] --START--
INFO: Run Behavior\ContentReplaceBehavior [ RunTime:0.000000s ]
INFO: [ template_filter ] --END-- [ RunTime:0.000000s ]
NOTIC: [8] Undefined index: keywords F:\xampp\htdocs\Xiuli\Runtime\Cache\Xiuli\a3d93a6591cdb9237d151668ec685ae1.php Á¨¨ 8 Ë°å.
NOTIC: [8] Undefined index: uphone F:\xampp\htdocs\Xiuli\Runtime\Cache\Xiuli\a3d93a6591cdb9237d151668ec685ae1.php Á¨¨ 97 Ë°å.
INFO: Run Behavior\ParseTemplateBehavior [ RunTime:0.010000s ]
INFO: [ view_parse ] --END-- [ RunTime:0.010000s ]
INFO: [ view_filter ] --START--
INFO: Run Behavior\WriteHtmlCacheBehavior [ RunTime:0.000000s ]
INFO: [ view_filter ] --END-- [ RunTime:0.000000s ]
INFO: [ app_end ] --START--
INFO: Run Behavior\ShowPageTraceBehavior [ RunTime:0.001000s ]
INFO: [ app_end ] --END-- [ RunTime:0.001000s ]

[ 2017-02-27T11:40:18+08:00 ] 192.168.21.206 /Xiuli/index.php/Xiuli/Hr/tuij/id/13
INFO: [ app_init ] --START--
INFO: Run Behavior\BuildLiteBehavior [ RunTime:0.000000s ]
INFO: [ app_init ] --END-- [ RunTime:0.001000s ]
INFO: [ app_begin ] --START--
INFO: Run Behavior\ReadHtmlCacheBehavior [ RunTime:0.000000s ]
INFO: [ app_begin ] --END-- [ RunTime:0.000000s ]
SQL: SHOW COLUMNS FROM `zt_product` [ RunTime:0.0020s ]
SQL: SELECT `web`,`adress`,`phone`,`tel`,`qq`,`url`,`record`,`path`,`img` FROM `zt_product` WHERE `id` = 1 LIMIT 1   [ RunTime:0.0000s ]
SQL: SHOW COLUMNS FROM `zt_tp_hr` [ RunTime:0.0020s ]
SQL: SELECT * FROM `zt_tp_hr` WHERE `id` = 13 LIMIT 1   [ RunTime:0.0000s ]
INFO: [ view_parse ] --START--
INFO: [ template_filter ] --START--
INFO: Run Behavior\ContentReplaceBehavior [ RunTime:0.000000s ]
INFO: [ template_filter ] --END-- [ RunTime:0.000000s ]
NOTIC: [8] Undefined index: keywords F:\xampp\htdocs\Xiuli\Runtime\Cache\Xiuli\a3d93a6591cdb9237d151668ec685ae1.php Á¨¨ 8 Ë°å.
NOTIC: [8] Undefined index: uphone F:\xampp\htdocs\Xiuli\Runtime\Cache\Xiuli\a3d93a6591cdb9237d151668ec685ae1.php Á¨¨ 98 Ë°å.
INFO: Run Behavior\ParseTemplateBehavior [ RunTime:0.008001s ]
INFO: [ view_parse ] --END-- [ RunTime:0.008001s ]
INFO: [ view_filter ] --START--
INFO: Run Behavior\WriteHtmlCacheBehavior [ RunTime:0.000000s ]
INFO: [ view_filter ] --END-- [ RunTime:0.000000s ]
INFO: [ app_end ] --START--
INFO: Run Behavior\ShowPageTraceBehavior [ RunTime:0.001000s ]
INFO: [ app_end ] --END-- [ RunTime:0.001000s ]

[ 2017-02-27T11:42:58+08:00 ] 192.168.21.206 /Xiuli/index.php/Xiuli/Hr
INFO: [ app_init ] --START--
INFO: Run Behavior\BuildLiteBehavior [ RunTime:0.000000s ]
INFO: [ app_init ] --END-- [ RunTime:0.001000s ]
INFO: [ app_begin ] --START--
INFO: Run Behavior\ReadHtmlCacheBehavior [ RunTime:0.000000s ]
INFO: [ app_begin ] --END-- [ RunTime:0.000000s ]
SQL: SHOW COLUMNS FROM `zt_product` [ RunTime:0.0020s ]
SQL: SELECT `web`,`adress`,`phone`,`tel`,`qq`,`url`,`record`,`path`,`img` FROM `zt_product` WHERE `id` = 1 LIMIT 1   [ RunTime:0.0010s ]
SQL: SHOW COLUMNS FROM `zt_tp_hr` [ RunTime:0.0010s ]
SQL: SELECT * FROM `zt_tp_hr` WHERE `prodid` = 1 AND `istuij` = 0 AND `state` = 'ÊãõËÅò‰∏≠' ORDER BY sn,id  [ RunTime:0.0000s ]
INFO: [ view_parse ] --START--
INFO: [ template_filter ] --START--
INFO: Run Behavior\ContentReplaceBehavior [ RunTime:0.000000s ]
INFO: [ template_filter ] --END-- [ RunTime:0.000000s ]
NOTIC: [8] Undefined index: keywords F:\xampp\htdocs\Xiuli\Runtime\Cache\Xiuli\b66bd236f4f90c58969983ad78090414.php Á¨¨ 8 Ë°å.
INFO: Run Behavior\ParseTemplateBehavior [ RunTime:0.006000s ]
INFO: [ view_parse ] --END-- [ RunTime:0.006000s ]
INFO: [ view_filter ] --START--
INFO: Run Behavior\WriteHtmlCacheBehavior [ RunTime:0.000000s ]
INFO: [ view_filter ] --END-- [ RunTime:0.000000s ]
INFO: [ app_end ] --START--
INFO: Run Behavior\ShowPageTraceBehavior [ RunTime:0.000000s ]
INFO: [ app_end ] --END-- [ RunTime:0.000000s ]

[ 2017-02-27T11:43:39+08:00 ] 192.168.21.206 /Xiuli/index.php/Xiuli/Hr
INFO: [ app_init ] --START--
INFO: Run Behavior\BuildLiteBehavior [ RunTime:0.000000s ]
INFO: [ app_init ] --END-- [ RunTime:0.001000s ]
INFO: [ app_begin ] --START--
INFO: Run Behavior\ReadHtmlCacheBehavior [ RunTime:0.000000s ]
INFO: [ app_begin ] --END-- [ RunTime:0.001000s ]
SQL: SHOW COLUMNS FROM `zt_product` [ RunTime:0.0030s ]
SQL: SELECT `web`,`adress`,`phone`,`tel`,`qq`,`url`,`record`,`path`,`img` FROM `zt_product` WHERE `id` = 1 LIMIT 1   [ RunTime:0.0010s ]
SQL: SHOW COLUMNS FROM `zt_tp_hr` [ RunTime:0.0030s ]
SQL: SELECT * FROM `zt_tp_hr` WHERE `prodid` = 1 AND `istuij` = 0 AND `state` = 'ÊãõËÅò‰∏≠' ORDER BY sn,id  [ RunTime:0.0000s ]
INFO: [ view_parse ] --START--
INFO: [ template_filter ] --START--
INFO: Run Behavior\ContentReplaceBehavior [ RunTime:0.000000s ]
INFO: [ template_filter ] --END-- [ RunTime:0.000000s ]
NOTIC: [8] Undefined index: keywords F:\xampp\htdocs\Xiuli\Runtime\Cache\Xiuli\b66bd236f4f90c58969983ad78090414.php Á¨¨ 8 Ë°å.
INFO: Run Behavior\ParseTemplateBehavior [ RunTime:0.012000s ]
INFO: [ view_parse ] --END-- [ RunTime:0.012000s ]
INFO: [ view_filter ] --START--
INFO: Run Behavior\WriteHtmlCacheBehavior [ RunTime:0.000000s ]
INFO: [ view_filter ] --END-- [ RunTime:0.000000s ]
INFO: [ app_end ] --START--
INFO: Run Behavior\ShowPageTraceBehavior [ RunTime:0.001000s ]
INFO: [ app_end ] --END-- [ RunTime:0.001000s ]

[ 2017-02-27T11:44:37+08:00 ] 192.168.21.206 /Xiuli/index.php/Xiuli/Hr
INFO: [ app_init ] --START--
INFO: Run Behavior\BuildLiteBehavior [ RunTime:0.000000s ]
INFO: [ app_init ] --END-- [ RunTime:0.000000s ]
INFO: [ app_begin ] --START--
INFO: Run Behavior\ReadHtmlCacheBehavior [ RunTime:0.000000s ]
INFO: [ app_begin ] --END-- [ RunTime:0.000000s ]
SQL: SHOW COLUMNS FROM `zt_product` [ RunTime:0.0240s ]
SQL: SELECT `web`,`adress`,`phone`,`tel`,`qq`,`url`,`record`,`path`,`img` FROM `zt_product` WHERE `id` = 1 LIMIT 1   [ RunTime:0.0000s ]
SQL: SHOW COLUMNS FROM `zt_tp_hr` [ RunTime:0.0030s ]
SQL: SELECT * FROM `zt_tp_hr` WHERE `prodid` = 1 AND `istuij` = 0 AND `state` = 'ÊãõËÅò‰∏≠' ORDER BY sn,id  [ RunTime:0.0000s ]
INFO: [ view_parse ] --START--
INFO: [ template_filter ] --START--
INFO: Run Behavior\ContentReplaceBehavior [ RunTime:0.000000s ]
INFO: [ template_filter ] --END-- [ RunTime:0.000000s ]
NOTIC: [8] Undefined index: keywords F:\xampp\htdocs\Xiuli\Runtime\Cache\Xiuli\b66bd236f4f90c58969983ad78090414.php Á¨¨ 8 Ë°å.
INFO: Run Behavior\ParseTemplateBehavior [ RunTime:0.012001s ]
INFO: [ view_parse ] --END-- [ RunTime:0.012001s ]
INFO: [ view_filter ] --START--
INFO: Run Behavior\WriteHtmlCacheBehavior [ RunTime:0.001000s ]
INFO: [ view_filter ] --END-- [ RunTime:0.001000s ]
INFO: [ app_end ] --START--
INFO: Run Behavior\ShowPageTraceBehavior [ RunTime:0.000000s ]
INFO: [ app_end ] --END-- [ RunTime:0.000000s ]

[ 2017-02-27T11:44:56+08:00 ] 192.168.21.206 /Xiuli/index.php/Xiuli/Hr
INFO: [ app_init ] --START--
INFO: Run Behavior\BuildLiteBehavior [ RunTime:0.000000s ]
INFO: [ app_init ] --END-- [ RunTime:0.001000s ]
INFO: [ app_begin ] --START--
INFO: Run Behavior\ReadHtmlCacheBehavior [ RunTime:0.000000s ]
INFO: [ app_begin ] --END-- [ RunTime:0.000000s ]
SQL: SHOW COLUMNS FROM `zt_product` [ RunTime:0.0040s ]
SQL: SELECT `web`,`adress`,`phone`,`tel`,`qq`,`url`,`record`,`path`,`img` FROM `zt_product` WHERE `id` = 1 LIMIT 1   [ RunTime:0.0010s ]
SQL: SHOW COLUMNS FROM `zt_tp_hr` [ RunTime:0.0030s ]
SQL: SELECT * FROM `zt_tp_hr` WHERE `prodid` = 1 AND `istuij` = 0 AND `state` = 'ÊãõËÅò‰∏≠' ORDER BY sn,id  [ RunTime:0.0000s ]
INFO: [ view_parse ] --START--
INFO: [ template_filter ] --START--
INFO: Run Behavior\ContentReplaceBehavior [ RunTime:0.000000s ]
INFO: [ template_filter ] --END-- [ RunTime:0.000000s ]
NOTIC: [8] Undefined index: keywords F:\xampp\htdocs\Xiuli\Runtime\Cache\Xiuli\b66bd236f4f90c58969983ad78090414.php Á¨¨ 8 Ë°å.
INFO: Run Behavior\ParseTemplateBehavior [ RunTime:0.006001s ]
INFO: [ view_parse ] --END-- [ RunTime:0.006001s ]
INFO: [ view_filter ] --START--
INFO: Run Behavior\WriteHtmlCacheBehavior [ RunTime:0.000000s ]
INFO: [ view_filter ] --END-- [ RunTime:0.000000s ]
INFO: [ app_end ] --START--
INFO: Run Behavior\ShowPageTraceBehavior [ RunTime:0.000000s ]
INFO: [ app_end ] --END-- [ RunTime:0.000000s ]

[ 2017-02-27T11:44:57+08:00 ] 192.168.21.206 /Xiuli/index.php/Xiuli/Hr
INFO: [ app_init ] --START--
INFO: Run Behavior\BuildLiteBehavior [ RunTime:0.000000s ]
INFO: [ app_init ] --END-- [ RunTime:0.000000s ]
INFO: [ app_begin ] --START--
INFO: Run Behavior\ReadHtmlCacheBehavior [ RunTime:0.000000s ]
INFO: [ app_begin ] --END-- [ RunTime:0.000000s ]
SQL: SHOW COLUMNS FROM `zt_product` [ RunTime:0.0040s ]
SQL: SELECT `web`,`adress`,`phone`,`tel`,`qq`,`url`,`record`,`path`,`img` FROM `zt_product` WHERE `id` = 1 LIMIT 1   [ RunTime:0.0010s ]
SQL: SHOW COLUMNS FROM `zt_tp_hr` [ RunTime:0.0030s ]
SQL: SELECT * FROM `zt_tp_hr` WHERE `prodid` = 1 AND `istuij` = 0 AND `state` = 'ÊãõËÅò‰∏≠' ORDER BY sn,id  [ RunTime:0.0000s ]
INFO: [ view_parse ] --START--
INFO: [ template_filter ] --START--
INFO: Run Behavior\ContentReplaceBehavior [ RunTime:0.000000s ]
INFO: [ template_filter ] --END-- [ RunTime:0.000000s ]
NOTIC: [8] Undefined index: keywords F:\xampp\htdocs\Xiuli\Runtime\Cache\Xiuli\b66bd236f4f90c58969983ad78090414.php Á¨¨ 8 Ë°å.
INFO: Run Behavior\ParseTemplateBehavior [ RunTime:0.010000s ]
INFO: [ view_parse ] --END-- [ RunTime:0.010000s ]
INFO: [ view_filter ] --START--
INFO: Run Behavior\WriteHtmlCacheBehavior [ RunTime:0.000000s ]
INFO: [ view_filter ] --END-- [ RunTime:0.000000s ]
INFO: [ app_end ] --START--
INFO: Run Behavior\ShowPageTraceBehavior [ RunTime:0.001000s ]
INFO: [ app_end ] --END-- [ RunTime:0.001000s ]

[ 2017-02-27T11:45:19+08:00 ] 192.168.21.206 /Xiuli/index.php/Xiuli/Hr
INFO: [ app_init ] --START--
INFO: Run Behavior\BuildLiteBehavior [ RunTime:0.000000s ]
INFO: [ app_init ] --END-- [ RunTime:0.000000s ]
INFO: [ app_begin ] --START--
INFO: Run Behavior\ReadHtmlCacheBehavior [ RunTime:0.001000s ]
INFO: [ app_begin ] --END-- [ RunTime:0.001000s ]
SQL: SHOW COLUMNS FROM `zt_product` [ RunTime:0.0030s ]
SQL: SELECT `web`,`adress`,`phone`,`tel`,`qq`,`url`,`record`,`path`,`img` FROM `zt_product` WHERE `id` = 1 LIMIT 1   [ RunTime:0.0000s ]
SQL: SHOW COLUMNS FROM `zt_tp_hr` [ RunTime:0.0020s ]
SQL: SELECT * FROM `zt_tp_hr` WHERE `prodid` = 1 AND `istuij` = 0 AND `state` = 'ÊãõËÅò‰∏≠' ORDER BY sn,id  [ RunTime:0.0000s ]
INFO: [ view_parse ] --START--
INFO: [ template_filter ] --START--
INFO: Run Behavior\ContentReplaceBehavior [ RunTime:0.001000s ]
INFO: [ template_filter ] --END-- [ RunTime:0.001000s ]
NOTIC: [8] Undefined index: keywords F:\xampp\htdocs\Xiuli\Runtime\Cache\Xiuli\b66bd236f4f90c58969983ad78090414.php Á¨¨ 8 Ë°å.
INFO: Run Behavior\ParseTemplateBehavior [ RunTime:0.010001s ]
INFO: [ view_parse ] --END-- [ RunTime:0.010001s ]
INFO: [ view_filter ] --START--
INFO: Run Behavior\WriteHtmlCacheBehavior [ RunTime:0.000000s ]
INFO: [ view_filter ] --END-- [ RunTime:0.000000s ]
INFO: [ app_end ] --START--
INFO: Run Behavior\ShowPageTraceBehavior [ RunTime:0.001000s ]
INFO: [ app_end ] --END-- [ RunTime:0.001000s ]

[ 2017-02-27T11:45:36+08:00 ] 192.168.21.206 /Xiuli/index.php/Xiuli/Hr
INFO: [ app_init ] --START--
INFO: Run Behavior\BuildLiteBehavior [ RunTime:0.000000s ]
INFO: [ app_init ] --END-- [ RunTime:0.000000s ]
INFO: [ app_begin ] --START--
INFO: Run Behavior\ReadHtmlCacheBehavior [ RunTime:0.001000s ]
INFO: [ app_begin ] --END-- [ RunTime:0.001000s ]
SQL: SHOW COLUMNS FROM `zt_product` [ RunTime:0.0060s ]
SQL: SELECT `web`,`adress`,`phone`,`tel`,`qq`,`url`,`record`,`path`,`img` FROM `zt_product` WHERE `id` = 1 LIMIT 1   [ RunTime:0.0010s ]
SQL: SHOW COLUMNS FROM `zt_tp_hr` [ RunTime:0.0060s ]
SQL: SELECT * FROM `zt_tp_hr` WHERE `prodid` = 1 AND `istuij` = 0 AND `state` = 'ÊãõËÅò‰∏≠' ORDER BY sn,id  [ RunTime:0.0000s ]
INFO: [ view_parse ] --START--
INFO: [ template_filter ] --START--
INFO: Run Behavior\ContentReplaceBehavior [ RunTime:0.000000s ]
INFO: [ template_filter ] --END-- [ RunTime:0.000000s ]
NOTIC: [8] Undefined index: keywords F:\xampp\htdocs\Xiuli\Runtime\Cache\Xiuli\b66bd236f4f90c58969983ad78090414.php Á¨¨ 8 Ë°å.
INFO: Run Behavior\ParseTemplateBehavior [ RunTime:0.008001s ]
INFO: [ view_parse ] --END-- [ RunTime:0.008001s ]
INFO: [ view_filter ] --START--
INFO: Run Behavior\WriteHtmlCacheBehavior [ RunTime:0.001000s ]
INFO: [ view_filter ] --END-- [ RunTime:0.001000s ]
INFO: [ app_end ] --START--
INFO: Run Behavior\ShowPageTraceBehavior [ RunTime:0.000000s ]
INFO: [ app_end ] --END-- [ RunTime:0.000000s ]

[ 2017-02-27T11:45:38+08:00 ] 192.168.21.206 /Xiuli/index.php/Xiuli/Hr
INFO: [ app_init ] --START--
INFO: Run Behavior\BuildLiteBehavior [ RunTime:0.000000s ]
INFO: [ app_init ] --END-- [ RunTime:0.000000s ]
INFO: [ app_begin ] --START--
INFO: Run Behavior\ReadHtmlCacheBehavior [ RunTime:0.000000s ]
INFO: [ app_begin ] --END-- [ RunTime:0.000000s ]
SQL: SHOW COLUMNS FROM `zt_product` [ RunTime:0.0050s ]
SQL: SELECT `web`,`adress`,`phone`,`tel`,`qq`,`url`,`record`,`path`,`img` FROM `zt_product` WHERE `id` = 1 LIMIT 1   [ RunTime:0.0000s ]
SQL: SHOW COLUMNS FROM `zt_tp_hr` [ RunTime:0.0030s ]
SQL: SELECT * FROM `zt_tp_hr` WHERE `prodid` = 1 AND `istuij` = 0 AND `state` = 'ÊãõËÅò‰∏≠' ORDER BY sn,id  [ RunTime:0.0010s ]
INFO: [ view_parse ] --START--
INFO: [ template_filter ] --START--
INFO: Run Behavior\ContentReplaceBehavior [ RunTime:0.001000s ]
INFO: [ template_filter ] --END-- [ RunTime:0.001000s ]
NOTIC: [8] Undefined index: keywords F:\xampp\htdocs\Xiuli\Runtime\Cache\Xiuli\b66bd236f4f90c58969983ad78090414.php Á¨¨ 8 Ë°å.
INFO: Run Behavior\ParseTemplateBehavior [ RunTime:0.010001s ]
INFO: [ view_parse ] --END-- [ RunTime:0.010001s ]
INFO: [ view_filter ] --START--
INFO: Run Behavior\WriteHtmlCacheBehavior [ RunTime:0.001000s ]
INFO: [ view_filter ] --END-- [ RunTime:0.001000s ]
INFO: [ app_end ] --START--
INFO: Run Behavior\ShowPageTraceBehavior [ RunTime:0.000000s ]
INFO: [ app_end ] --END-- [ RunTime:0.000000s ]

[ 2017-02-27T11:46:15+08:00 ] 192.168.21.206 /Xiuli/index.php/Xiuli/Hr
INFO: [ app_init ] --START--
INFO: Run Behavior\BuildLiteBehavior [ RunTime:0.000000s ]
INFO: [ app_init ] --END-- [ RunTime:0.000000s ]
INFO: [ app_begin ] --START--
INFO: Run Behavior\ReadHtmlCacheBehavior [ RunTime:0.001000s ]
INFO: [ app_begin ] --END-- [ RunTime:0.001000s ]
SQL: SHOW COLUMNS FROM `zt_product` [ RunTime:0.0030s ]
SQL: SELECT `web`,`adress`,`phone`,`tel`,`qq`,`url`,`record`,`path`,`img` FROM `zt_product` WHERE `id` = 1 LIMIT 1   [ RunTime:0.0000s ]
SQL: SHOW COLUMNS FROM `zt_tp_hr` [ RunTime:0.0030s ]
SQL: SELECT * FROM `zt_tp_hr` WHERE `prodid` = 1 AND `istuij` = 0 AND `state` = 'ÊãõËÅò‰∏≠' ORDER BY sn,id  [ RunTime:0.0010s ]
INFO: [ view_parse ] --START--
INFO: [ template_filter ] --START--
INFO: Run Behavior\ContentReplaceBehavior [ RunTime:0.000000s ]
INFO: [ template_filter ] --END-- [ RunTime:0.000000s ]
NOTIC: [8] Undefined index: keywords F:\xampp\htdocs\Xiuli\Runtime\Cache\Xiuli\b66bd236f4f90c58969983ad78090414.php Á¨¨ 8 Ë°å.
INFO: Run Behavior\ParseTemplateBehavior [ RunTime:0.010001s ]
INFO: [ view_parse ] --END-- [ RunTime:0.011001s ]
INFO: [ view_filter ] --START--
INFO: Run Behavior\WriteHtmlCacheBehavior [ RunTime:0.000000s ]
INFO: [ view_filter ] --END-- [ RunTime:0.000000s ]
INFO: [ app_end ] --START--
INFO: Run Behavior\ShowPageTraceBehavior [ RunTime:0.000000s ]
INFO: [ app_end ] --END-- [ RunTime:0.001000s ]

[ 2017-02-27T11:46:40+08:00 ] 192.168.21.206 /Xiuli/index.php/Xiuli/Hr
INFO: [ app_init ] --START--
INFO: Run Behavior\BuildLiteBehavior [ RunTime:0.000000s ]
INFO: [ app_init ] --END-- [ RunTime:0.000000s ]
INFO: [ app_begin ] --START--
INFO: Run Behavior\ReadHtmlCacheBehavior [ RunTime:0.001000s ]
INFO: [ app_begin ] --END-- [ RunTime:0.001000s ]
SQL: SHOW COLUMNS FROM `zt_product` [ RunTime:0.0040s ]
SQL: SELECT `web`,`adress`,`phone`,`tel`,`qq`,`url`,`record`,`path`,`img` FROM `zt_product` WHERE `id` = 1 LIMIT 1   [ RunTime:0.0000s ]
SQL: SHOW COLUMNS FROM `zt_tp_hr` [ RunTime:0.0030s ]
SQL: SELECT * FROM `zt_tp_hr` WHERE `prodid` = 1 AND `istuij` = 0 AND `state` = 'ÊãõËÅò‰∏≠' ORDER BY sn,id  [ RunTime:0.0010s ]
INFO: [ view_parse ] --START--
INFO: [ template_filter ] --START--
INFO: Run Behavior\ContentReplaceBehavior [ RunTime:0.001001s ]
INFO: [ template_filter ] --END-- [ RunTime:0.001001s ]
NOTIC: [8] Undefined index: keywords F:\xampp\htdocs\Xiuli\Runtime\Cache\Xiuli\b66bd236f4f90c58969983ad78090414.php Á¨¨ 8 Ë°å.
INFO: Run Behavior\ParseTemplateBehavior [ RunTime:0.010001s ]
INFO: [ view_parse ] --END-- [ RunTime:0.010001s ]
INFO: [ view_filter ] --START--
INFO: Run Behavior\WriteHtmlCacheBehavior [ RunTime:0.000000s ]
INFO: [ view_filter ] --END-- [ RunTime:0.001000s ]
INFO: [ app_end ] --START--
INFO: Run Behavior\ShowPageTraceBehavior [ RunTime:0.000000s ]
INFO: [ app_end ] --END-- [ RunTime:0.000000s ]

[ 2017-02-27T11:47:50+08:00 ] 192.168.21.206 /Xiuli/index.php/Xiuli/Servicelist
INFO: [ app_init ] --START--
INFO: Run Behavior\BuildLiteBehavior [ RunTime:0.000000s ]
INFO: [ app_init ] --END-- [ RunTime:0.000000s ]
INFO: [ app_begin ] --START--
INFO: Run Behavior\ReadHtmlCacheBehavior [ RunTime:0.000000s ]
INFO: [ app_begin ] --END-- [ RunTime:0.000000s ]
SQL: SHOW COLUMNS FROM `zt_product` [ RunTime:0.0030s ]
SQL: SELECT `web`,`adress`,`desc`,`phone`,`tel`,`qq`,`url`,`record`,`path`,`img` FROM `zt_product` WHERE `id` = 1 LIMIT 1   [ RunTime:0.0000s ]
SQL: SHOW COLUMNS FROM `zt_xl_cate` [ RunTime:0.0240s ]
SQL: SELECT * FROM `zt_xl_cate` WHERE `prodid` = 1 AND `state` = 'Ê≠£Â∏∏' ORDER BY sn  [ RunTime:0.0000s ]
SQL: SHOW COLUMNS FROM `zt_xl_prodservice` [ RunTime:0.0030s ]
NOTIC: [8] Undefined index: cate F:\xampp\htdocs\Xiuli\Apps\Xiuli\Controller\ServicelistController.class.php Á¨¨ 23 Ë°å.
SQL: SELECT `id`,`mark`,`name`,`state`,`money`,`smoney`,`num`,`istj`,`cate`,`path`,`img`,`utime` FROM `zt_xl_prodservice` WHERE `state` = 'ÂèëÂ∏É' AND `istj` = 1 ORDER BY utime desc  [ RunTime:0.0010s ]
NOTIC: [8] Undefined index: cate F:\xampp\htdocs\Xiuli\Apps\Xiuli\Controller\ServicelistController.class.php Á¨¨ 36 Ë°å.
INFO: [ view_parse ] --START--
INFO: [ template_filter ] --START--
INFO: Run Behavior\ContentReplaceBehavior [ RunTime:0.001000s ]
INFO: [ template_filter ] --END-- [ RunTime:0.001000s ]
NOTIC: [8] Undefined index: keywords F:\xampp\htdocs\Xiuli\Runtime\Cache\Xiuli\2ad8133f8a968adf7c31852b34f4dc20.php Á¨¨ 8 Ë°å.
SQL: SHOW COLUMNS FROM `zt_xl_cate` [ RunTime:0.0100s ]
SQL: SELECT * FROM `zt_xl_cate` WHERE `id` = 4 LIMIT 1   [ RunTime:0.0010s ]
SQL: SELECT * FROM `zt_xl_cate` WHERE `id` = 4 LIMIT 1   [ RunTime:0.0000s ]
SQL: SELECT * FROM `zt_xl_cate` WHERE `id` = 4 LIMIT 1   [ RunTime:0.0010s ]
SQL: SELECT * FROM `zt_xl_cate` WHERE `id` = 4 LIMIT 1   [ RunTime:0.0000s ]
SQL: SELECT * FROM `zt_xl_cate` WHERE `id` = 4 LIMIT 1   [ RunTime:0.0010s ]
SQL: SELECT * FROM `zt_xl_cate` WHERE `id` = 4 LIMIT 1   [ RunTime:0.0000s ]
SQL: SELECT * FROM `zt_xl_cate` WHERE `id` = 5 LIMIT 1   [ RunTime:0.0010s ]
SQL: SELECT * FROM `zt_xl_cate` WHERE `id` = 5 LIMIT 1   [ RunTime:0.0000s ]
SQL: SELECT * FROM `zt_xl_cate` WHERE `id` = 5 LIMIT 1   [ RunTime:0.0010s ]
SQL: SELECT * FROM `zt_xl_cate` WHERE `id` = 5 LIMIT 1   [ RunTime:0.0000s ]
INFO: Run Behavior\ParseTemplateBehavior [ RunTime:0.051003s ]
INFO: [ view_parse ] --END-- [ RunTime:0.051003s ]
INFO: [ view_filter ] --START--
INFO: Run Behavior\WriteHtmlCacheBehavior [ RunTime:0.001000s ]
INFO: [ view_filter ] --END-- [ RunTime:0.001000s ]
INFO: [ app_end ] --START--
INFO: Run Behavior\ShowPageTraceBehavior [ RunTime:0.001000s ]
INFO: [ app_end ] --END-- [ RunTime:0.001000s ]

[ 2017-02-27T11:47:54+08:00 ] 192.168.21.206 /Xiuli/index.php/Xiuli/Service/index/id/55
INFO: [ app_init ] --START--
INFO: Run Behavior\BuildLiteBehavior [ RunTime:0.000000s ]
INFO: [ app_init ] --END-- [ RunTime:0.001000s ]
INFO: [ app_begin ] --START--
INFO: Run Behavior\ReadHtmlCacheBehavior [ RunTime:0.000000s ]
INFO: [ app_begin ] --END-- [ RunTime:0.000000s ]
SQL: SHOW COLUMNS FROM `zt_product` [ RunTime:0.0040s ]
SQL: SELECT `web`,`adress`,`desc`,`phone`,`tel`,`qq`,`url`,`record`,`path`,`img` FROM `zt_product` WHERE `id` = 1 LIMIT 1   [ RunTime:0.0010s ]
SQL: SHOW COLUMNS FROM `zt_xl_prodservice` [ RunTime:0.0040s ]
SQL: SELECT * FROM `zt_xl_prodservice` WHERE `id` = 55 LIMIT 1   [ RunTime:0.0010s ]
INFO: [ view_parse ] --START--
INFO: [ template_filter ] --START--
INFO: Run Behavior\ContentReplaceBehavior [ RunTime:0.000000s ]
INFO: [ template_filter ] --END-- [ RunTime:0.000000s ]
NOTIC: [8] Undefined index: keywords F:\xampp\htdocs\Xiuli\Runtime\Cache\Xiuli\73d4d4e022cda5f34a16bd924da4b325.php Á¨¨ 8 Ë°å.
SQL: SHOW COLUMNS FROM `zt_xl_cate` [ RunTime:0.0030s ]
SQL: SELECT * FROM `zt_xl_cate` WHERE `id` = 34 LIMIT 1   [ RunTime:0.0000s ]
SQL: SELECT * FROM `zt_xl_cate` WHERE `id` = 4 LIMIT 1   [ RunTime:0.0010s ]
NOTIC: [8] Undefined variable: date1 F:\xampp\htdocs\Xiuli\Runtime\Cache\Xiuli\73d4d4e022cda5f34a16bd924da4b325.php Á¨¨ 98 Ë°å.
INFO: Run Behavior\ParseTemplateBehavior [ RunTime:0.025001s ]
INFO: [ view_parse ] --END-- [ RunTime:0.025001s ]
INFO: [ view_filter ] --START--
INFO: Run Behavior\WriteHtmlCacheBehavior [ RunTime:0.001000s ]
INFO: [ view_filter ] --END-- [ RunTime:0.001000s ]
INFO: [ app_end ] --START--
INFO: Run Behavior\ShowPageTraceBehavior [ RunTime:0.000000s ]
INFO: [ app_end ] --END-- [ RunTime:0.000000s ]

[ 2017-02-27T11:49:13+08:00 ] 192.168.21.206 /Xiuli/index.php/Xiuli/Service/index/id/55
INFO: [ app_init ] --START--
INFO: Run Behavior\BuildLiteBehavior [ RunTime:0.001000s ]
INFO: [ app_init ] --END-- [ RunTime:0.001000s ]
INFO: [ app_begin ] --START--
INFO: Run Behavior\ReadHtmlCacheBehavior [ RunTime:0.001000s ]
INFO: [ app_begin ] --END-- [ RunTime:0.001000s ]
SQL: SHOW COLUMNS FROM `zt_product` [ RunTime:0.0030s ]
SQL: SELECT `web`,`adress`,`desc`,`phone`,`tel`,`qq`,`url`,`record`,`path`,`img` FROM `zt_product` WHERE `id` = 1 LIMIT 1   [ RunTime:0.0000s ]
SQL: SHOW COLUMNS FROM `zt_xl_prodservice` [ RunTime:0.0020s ]
SQL: SELECT * FROM `zt_xl_prodservice` WHERE `id` = 55 LIMIT 1   [ RunTime:0.0000s ]
INFO: [ view_parse ] --START--
INFO: [ template_filter ] --START--
INFO: Run Behavior\ContentReplaceBehavior [ RunTime:0.000000s ]
INFO: [ template_filter ] --END-- [ RunTime:0.000000s ]
NOTIC: [8] Undefined index: keywords F:\xampp\htdocs\Xiuli\Runtime\Cache\Xiuli\73d4d4e022cda5f34a16bd924da4b325.php Á¨¨ 8 Ë°å.
SQL: SHOW COLUMNS FROM `zt_xl_cate` [ RunTime:0.0010s ]
SQL: SELECT * FROM `zt_xl_cate` WHERE `id` = 34 LIMIT 1   [ RunTime:0.0000s ]
SQL: SELECT * FROM `zt_xl_cate` WHERE `id` = 4 LIMIT 1   [ RunTime:0.0000s ]
NOTIC: [8] Undefined variable: date1 F:\xampp\htdocs\Xiuli\Runtime\Cache\Xiuli\73d4d4e022cda5f34a16bd924da4b325.php Á¨¨ 104 Ë°å.
INFO: Run Behavior\ParseTemplateBehavior [ RunTime:0.011000s ]
INFO: [ view_parse ] --END-- [ RunTime:0.011000s ]
INFO: [ view_filter ] --START--
INFO: Run Behavior\WriteHtmlCacheBehavior [ RunTime:0.000000s ]
INFO: [ view_filter ] --END-- [ RunTime:0.000000s ]
INFO: [ app_end ] --START--
INFO: Run Behavior\ShowPageTraceBehavior [ RunTime:0.001000s ]
INFO: [ app_end ] --END-- [ RunTime:0.001000s ]

[ 2017-02-27T11:50:27+08:00 ] 192.168.103.3 /Xiuli/index.php/Xiuli/Service/index/id/55
INFO: [ app_init ] --START--
INFO: Run Behavior\BuildLiteBehavior [ RunTime:0.001000s ]
INFO: [ app_init ] --END-- [ RunTime:0.001000s ]
INFO: [ app_begin ] --START--
INFO: Run Behavior\ReadHtmlCacheBehavior [ RunTime:0.000000s ]
INFO: [ app_begin ] --END-- [ RunTime:0.000000s ]
SQL: SHOW COLUMNS FROM `zt_product` [ RunTime:0.0040s ]
SQL: SELECT `web`,`adress`,`desc`,`phone`,`tel`,`qq`,`url`,`record`,`path`,`img` FROM `zt_product` WHERE `id` = 1 LIMIT 1   [ RunTime:0.0000s ]
SQL: SHOW COLUMNS FROM `zt_xl_prodservice` [ RunTime:0.0030s ]
SQL: SELECT * FROM `zt_xl_prodservice` WHERE `id` = 55 LIMIT 1   [ RunTime:0.0010s ]
INFO: [ view_parse ] --START--
INFO: [ template_filter ] --START--
INFO: Run Behavior\ContentReplaceBehavior [ RunTime:0.000000s ]
INFO: [ template_filter ] --END-- [ RunTime:0.000000s ]
NOTIC: [8] Undefined index: keywords F:\xampp\htdocs\Xiuli\Runtime\Cache\Xiuli\73d4d4e022cda5f34a16bd924da4b325.php Á¨¨ 8 Ë°å.
SQL: SHOW COLUMNS FROM `zt_xl_cate` [ RunTime:0.0030s ]
SQL: SELECT * FROM `zt_xl_cate` WHERE `id` = 34 LIMIT 1   [ RunTime:0.0000s ]
SQL: SELECT * FROM `zt_xl_cate` WHERE `id` = 4 LIMIT 1   [ RunTime:0.0000s ]
NOTIC: [8] Undefined variable: date1 F:\xampp\htdocs\Xiuli\Runtime\Cache\Xiuli\73d4d4e022cda5f34a16bd924da4b325.php Á¨¨ 104 Ë°å.
INFO: Run Behavior\ParseTemplateBehavior [ RunTime:0.016001s ]
INFO: [ view_parse ] --END-- [ RunTime:0.016001s ]
INFO: [ view_filter ] --START--
INFO: Run Behavior\WriteHtmlCacheBehavior [ RunTime:0.001000s ]
INFO: [ view_filter ] --END-- [ RunTime:0.001000s ]
INFO: [ app_end ] --START--
INFO: Run Behavior\ShowPageTraceBehavior [ RunTime:0.000000s ]
INFO: [ app_end ] --END-- [ RunTime:0.000000s ]

[ 2017-02-27T11:51:12+08:00 ] 192.168.21.206 /Xiuli/index.php/Xiuli/Servicelist/index/cate/34
INFO: [ app_init ] --START--
INFO: Run Behavior\BuildLiteBehavior [ RunTime:0.000000s ]
INFO: [ app_init ] --END-- [ RunTime:0.000000s ]
INFO: [ app_begin ] --START--
INFO: Run Behavior\ReadHtmlCacheBehavior [ RunTime:0.000000s ]
INFO: [ app_begin ] --END-- [ RunTime:0.000000s ]
SQL: SHOW COLUMNS FROM `zt_product` [ RunTime:0.0020s ]
SQL: SELECT `web`,`adress`,`desc`,`phone`,`tel`,`qq`,`url`,`record`,`path`,`img` FROM `zt_product` WHERE `id` = 1 LIMIT 1   [ RunTime:0.0000s ]
SQL: SHOW COLUMNS FROM `zt_xl_cate` [ RunTime:0.0020s ]
SQL: SELECT * FROM `zt_xl_cate` WHERE `prodid` = 1 AND `state` = 'Ê≠£Â∏∏' ORDER BY sn  [ RunTime:0.0010s ]
SQL: SHOW COLUMNS FROM `zt_xl_prodservice` [ RunTime:0.0020s ]
SQL: SELECT `id`,`mark`,`name`,`state`,`money`,`smoney`,`num`,`istj`,`cate`,`path`,`img`,`utime` FROM `zt_xl_prodservice` WHERE `state` = 'ÂèëÂ∏É' AND `cate` = 34 ORDER BY sn,id  [ RunTime:0.0000s ]
INFO: [ view_parse ] --START--
INFO: [ template_filter ] --START--
INFO: Run Behavior\ContentReplaceBehavior [ RunTime:0.000000s ]
INFO: [ template_filter ] --END-- [ RunTime:0.000000s ]
NOTIC: [8] Undefined index: keywords F:\xampp\htdocs\Xiuli\Runtime\Cache\Xiuli\2ad8133f8a968adf7c31852b34f4dc20.php Á¨¨ 8 Ë°å.
SQL: SHOW COLUMNS FROM `zt_xl_cate` [ RunTime:0.0010s ]
SQL: SELECT * FROM `zt_xl_cate` WHERE `id` = 34 LIMIT 1   [ RunTime:0.0000s ]
SQL: SELECT * FROM `zt_xl_cate` WHERE `id` = 4 LIMIT 1   [ RunTime:0.0000s ]
SQL: SELECT * FROM `zt_xl_cate` WHERE `id` = 4 LIMIT 1   [ RunTime:0.0010s ]
SQL: SELECT * FROM `zt_xl_cate` WHERE `id` = 4 LIMIT 1   [ RunTime:0.0000s ]
SQL: SELECT * FROM `zt_xl_cate` WHERE `id` = 4 LIMIT 1   [ RunTime:0.0000s ]
SQL: SELECT * FROM `zt_xl_cate` WHERE `id` = 4 LIMIT 1   [ RunTime:0.0000s ]
SQL: SELECT * FROM `zt_xl_cate` WHERE `id` = 4 LIMIT 1   [ RunTime:0.0000s ]
SQL: SELECT * FROM `zt_xl_cate` WHERE `id` = 4 LIMIT 1   [ RunTime:0.0000s ]
SQL: SELECT * FROM `zt_xl_cate` WHERE `id` = 5 LIMIT 1   [ RunTime:0.0000s ]
SQL: SELECT * FROM `zt_xl_cate` WHERE `id` = 5 LIMIT 1   [ RunTime:0.0000s ]
SQL: SELECT * FROM `zt_xl_cate` WHERE `id` = 5 LIMIT 1   [ RunTime:0.0010s ]
SQL: SELECT * FROM `zt_xl_cate` WHERE `id` = 5 LIMIT 1   [ RunTime:0.0000s ]
INFO: Run Behavior\ParseTemplateBehavior [ RunTime:0.013001s ]
INFO: [ view_parse ] --END-- [ RunTime:0.013001s ]
INFO: [ view_filter ] --START--
INFO: Run Behavior\WriteHtmlCacheBehavior [ RunTime:0.000000s ]
INFO: [ view_filter ] --END-- [ RunTime:0.000000s ]
INFO: [ app_end ] --START--
INFO: Run Behavior\ShowPageTraceBehavior [ RunTime:0.000000s ]
INFO: [ app_end ] --END-- [ RunTime:0.000000s ]

