[ 2017-02-27T15:43:12+08:00 ] 127.0.0.1 /Xiuli/index.php/Anshun
INFO: [ app_init ] --START--
INFO: Run Behavior\BuildLiteBehavior [ RunTime:0.002000s ]
INFO: [ app_init ] --END-- [ RunTime:0.079005s ]
INFO: [ app_begin ] --START--
INFO: Run Behavior\ReadHtmlCacheBehavior [ RunTime:0.010000s ]
INFO: [ app_begin ] --END-- [ RunTime:0.010000s ]
SQL: SHOW COLUMNS FROM `zt_product` [ RunTime:0.1440s ]
SQL: SELECT `web`,`adress`,`desc`,`phone`,`tel`,`qq`,`url`,`record`,`path`,`img` FROM `zt_product` WHERE `id` = 4 LIMIT 1   [ RunTime:0.0160s ]
SQL: SHOW COLUMNS FROM `zt_tp_ad` [ RunTime:0.0420s ]
SQL: SELECT * FROM `zt_tp_ad` WHERE `prodid` = 4 ORDER BY utime desc  [ RunTime:0.0020s ]
SQL: SHOW COLUMNS FROM `zt_as_prodservice` [ RunTime:0.0530s ]
SQL: SELECT `id`,`mark`,`name`,`state`,`money`,`smoney`,`num`,`istj`,`cate`,`path`,`img`,`utime` FROM `zt_as_prodservice` WHERE `istj` = 1 ORDER BY utime desc  [ RunTime:0.0070s ]
INFO: [ view_parse ] --START--
INFO: [ template_filter ] --START--
INFO: Run Behavior\ContentReplaceBehavior [ RunTime:0.001000s ]
INFO: [ template_filter ] --END-- [ RunTime:0.001000s ]
INFO: Run Behavior\ParseTemplateBehavior [ RunTime:0.269015s ]
INFO: [ view_parse ] --END-- [ RunTime:0.269015s ]
INFO: [ view_filter ] --START--
INFO: Run Behavior\WriteHtmlCacheBehavior [ RunTime:0.015001s ]
INFO: [ view_filter ] --END-- [ RunTime:0.015001s ]
INFO: [ app_end ] --START--
INFO: Run Behavior\ShowPageTraceBehavior [ RunTime:0.024001s ]
INFO: [ app_end ] --END-- [ RunTime:0.025001s ]

[ 2017-02-27T15:44:28+08:00 ] 127.0.0.1 /Xiuli/index.php/Anshun
INFO: [ app_init ] --START--
INFO: Run Behavior\BuildLiteBehavior [ RunTime:0.000000s ]
INFO: [ app_init ] --END-- [ RunTime:0.025002s ]
INFO: [ app_begin ] --START--
INFO: Run Behavior\ReadHtmlCacheBehavior [ RunTime:0.001000s ]
INFO: [ app_begin ] --END-- [ RunTime:0.001000s ]
SQL: SHOW COLUMNS FROM `zt_product` [ RunTime:0.0280s ]
SQL: SELECT `web`,`adress`,`desc`,`phone`,`tel`,`qq`,`url`,`record`,`path`,`img` FROM `zt_product` WHERE `id` = 4 LIMIT 1   [ RunTime:0.0000s ]
SQL: SHOW COLUMNS FROM `zt_tp_ad` [ RunTime:0.0010s ]
SQL: SELECT * FROM `zt_tp_ad` WHERE `prodid` = 4 ORDER BY utime desc  [ RunTime:0.0010s ]
SQL: SHOW COLUMNS FROM `zt_as_prodservice` [ RunTime:0.0020s ]
SQL: SELECT `id`,`mark`,`name`,`state`,`money`,`smoney`,`num`,`istj`,`cate`,`path`,`img`,`utime` FROM `zt_as_prodservice` WHERE `istj` = 1 ORDER BY utime desc  [ RunTime:0.0010s ]
INFO: [ view_parse ] --START--
INFO: [ template_filter ] --START--
INFO: Run Behavior\ContentReplaceBehavior [ RunTime:0.000000s ]
INFO: [ template_filter ] --END-- [ RunTime:0.001000s ]
INFO: Run Behavior\ParseTemplateBehavior [ RunTime:0.041002s ]
INFO: [ view_parse ] --END-- [ RunTime:0.041002s ]
INFO: [ view_filter ] --START--
INFO: Run Behavior\WriteHtmlCacheBehavior [ RunTime:0.001000s ]
INFO: [ view_filter ] --END-- [ RunTime:0.001000s ]
INFO: [ app_end ] --START--
INFO: Run Behavior\ShowPageTraceBehavior [ RunTime:0.001000s ]
INFO: [ app_end ] --END-- [ RunTime:0.001000s ]

[ 2017-02-27T15:44:30+08:00 ] 127.0.0.1 /Xiuli/index.php/Anshun
INFO: [ app_init ] --START--
INFO: Run Behavior\BuildLiteBehavior [ RunTime:0.001000s ]
INFO: [ app_init ] --END-- [ RunTime:0.001000s ]
INFO: [ app_begin ] --START--
INFO: Run Behavior\ReadHtmlCacheBehavior [ RunTime:0.000000s ]
INFO: [ app_begin ] --END-- [ RunTime:0.000000s ]
SQL: SHOW COLUMNS FROM `zt_product` [ RunTime:0.0050s ]
SQL: SELECT `web`,`adress`,`desc`,`phone`,`tel`,`qq`,`url`,`record`,`path`,`img` FROM `zt_product` WHERE `id` = 4 LIMIT 1   [ RunTime:0.0000s ]
SQL: SHOW COLUMNS FROM `zt_tp_ad` [ RunTime:0.0030s ]
SQL: SELECT * FROM `zt_tp_ad` WHERE `prodid` = 4 ORDER BY utime desc  [ RunTime:0.0010s ]
SQL: SHOW COLUMNS FROM `zt_as_prodservice` [ RunTime:0.0040s ]
SQL: SELECT `id`,`mark`,`name`,`state`,`money`,`smoney`,`num`,`istj`,`cate`,`path`,`img`,`utime` FROM `zt_as_prodservice` WHERE `istj` = 1 ORDER BY utime desc  [ RunTime:0.0010s ]
INFO: [ view_parse ] --START--
INFO: [ template_filter ] --START--
INFO: Run Behavior\ContentReplaceBehavior [ RunTime:0.000000s ]
INFO: [ template_filter ] --END-- [ RunTime:0.000000s ]
INFO: Run Behavior\ParseTemplateBehavior [ RunTime:0.021001s ]
INFO: [ view_parse ] --END-- [ RunTime:0.021001s ]
INFO: [ view_filter ] --START--
INFO: Run Behavior\WriteHtmlCacheBehavior [ RunTime:0.000000s ]
INFO: [ view_filter ] --END-- [ RunTime:0.000000s ]
INFO: [ app_end ] --START--
INFO: Run Behavior\ShowPageTraceBehavior [ RunTime:0.001000s ]
INFO: [ app_end ] --END-- [ RunTime:0.001000s ]

[ 2017-02-27T15:44:30+08:00 ] 127.0.0.1 /Xiuli/index.php/Anshun
INFO: [ app_init ] --START--
INFO: Run Behavior\BuildLiteBehavior [ RunTime:0.001000s ]
INFO: [ app_init ] --END-- [ RunTime:0.001000s ]
INFO: [ app_begin ] --START--
INFO: Run Behavior\ReadHtmlCacheBehavior [ RunTime:0.000000s ]
INFO: [ app_begin ] --END-- [ RunTime:0.000000s ]
SQL: SHOW COLUMNS FROM `zt_product` [ RunTime:0.0060s ]
SQL: SELECT `web`,`adress`,`desc`,`phone`,`tel`,`qq`,`url`,`record`,`path`,`img` FROM `zt_product` WHERE `id` = 4 LIMIT 1   [ RunTime:0.0000s ]
SQL: SHOW COLUMNS FROM `zt_tp_ad` [ RunTime:0.0030s ]
SQL: SELECT * FROM `zt_tp_ad` WHERE `prodid` = 4 ORDER BY utime desc  [ RunTime:0.0010s ]
SQL: SHOW COLUMNS FROM `zt_as_prodservice` [ RunTime:0.0030s ]
SQL: SELECT `id`,`mark`,`name`,`state`,`money`,`smoney`,`num`,`istj`,`cate`,`path`,`img`,`utime` FROM `zt_as_prodservice` WHERE `istj` = 1 ORDER BY utime desc  [ RunTime:0.0000s ]
INFO: [ view_parse ] --START--
INFO: [ template_filter ] --START--
INFO: Run Behavior\ContentReplaceBehavior [ RunTime:0.000000s ]
INFO: [ template_filter ] --END-- [ RunTime:0.000000s ]
INFO: Run Behavior\ParseTemplateBehavior [ RunTime:0.009001s ]
INFO: [ view_parse ] --END-- [ RunTime:0.009001s ]
INFO: [ view_filter ] --START--
INFO: Run Behavior\WriteHtmlCacheBehavior [ RunTime:0.001000s ]
INFO: [ view_filter ] --END-- [ RunTime:0.001000s ]
INFO: [ app_end ] --START--
INFO: Run Behavior\ShowPageTraceBehavior [ RunTime:0.000000s ]
INFO: [ app_end ] --END-- [ RunTime:0.000000s ]

[ 2017-02-27T15:44:32+08:00 ] 127.0.0.1 /Xiuli/index.php/Anshun
INFO: [ app_init ] --START--
INFO: Run Behavior\BuildLiteBehavior [ RunTime:0.000000s ]
INFO: [ app_init ] --END-- [ RunTime:0.000000s ]
INFO: [ app_begin ] --START--
INFO: Run Behavior\ReadHtmlCacheBehavior [ RunTime:0.000000s ]
INFO: [ app_begin ] --END-- [ RunTime:0.000000s ]
SQL: SHOW COLUMNS FROM `zt_product` [ RunTime:0.0030s ]
SQL: SELECT `web`,`adress`,`desc`,`phone`,`tel`,`qq`,`url`,`record`,`path`,`img` FROM `zt_product` WHERE `id` = 4 LIMIT 1   [ RunTime:0.0010s ]
SQL: SHOW COLUMNS FROM `zt_tp_ad` [ RunTime:0.0010s ]
SQL: SELECT * FROM `zt_tp_ad` WHERE `prodid` = 4 ORDER BY utime desc  [ RunTime:0.0000s ]
SQL: SHOW COLUMNS FROM `zt_as_prodservice` [ RunTime:0.0020s ]
SQL: SELECT `id`,`mark`,`name`,`state`,`money`,`smoney`,`num`,`istj`,`cate`,`path`,`img`,`utime` FROM `zt_as_prodservice` WHERE `istj` = 1 ORDER BY utime desc  [ RunTime:0.0000s ]
INFO: [ view_parse ] --START--
INFO: [ template_filter ] --START--
INFO: Run Behavior\ContentReplaceBehavior [ RunTime:0.000000s ]
INFO: [ template_filter ] --END-- [ RunTime:0.000000s ]
INFO: Run Behavior\ParseTemplateBehavior [ RunTime:0.004001s ]
INFO: [ view_parse ] --END-- [ RunTime:0.004001s ]
INFO: [ view_filter ] --START--
INFO: Run Behavior\WriteHtmlCacheBehavior [ RunTime:0.000000s ]
INFO: [ view_filter ] --END-- [ RunTime:0.000000s ]
INFO: [ app_end ] --START--
INFO: Run Behavior\ShowPageTraceBehavior [ RunTime:0.001000s ]
INFO: [ app_end ] --END-- [ RunTime:0.001000s ]

[ 2017-02-27T15:45:11+08:00 ] 127.0.0.1 /Xiuli/index.php/Anshun/Servicelist/index/cate/1
INFO: [ app_init ] --START--
INFO: Run Behavior\BuildLiteBehavior [ RunTime:0.000000s ]
INFO: [ app_init ] --END-- [ RunTime:0.001000s ]
INFO: [ app_begin ] --START--
INFO: Run Behavior\ReadHtmlCacheBehavior [ RunTime:0.001000s ]
INFO: [ app_begin ] --END-- [ RunTime:0.001000s ]
SQL: SHOW COLUMNS FROM `zt_product` [ RunTime:0.0010s ]
SQL: SELECT `web`,`adress`,`desc`,`phone`,`tel`,`qq`,`url`,`record`,`path`,`img` FROM `zt_product` WHERE `id` = 4 LIMIT 1   [ RunTime:0.0000s ]
SQL: SHOW COLUMNS FROM `zt_as_cate` [ RunTime:0.0780s ]
SQL: SELECT * FROM `zt_as_cate` WHERE `prodid` = 4 AND `state` = '正常' ORDER BY sn  [ RunTime:0.0000s ]
SQL: SHOW COLUMNS FROM `zt_as_prodservice` [ RunTime:0.0020s ]
SQL: SELECT `id`,`mark`,`name`,`state`,`money`,`smoney`,`num`,`istj`,`cate`,`path`,`img`,`utime` FROM `zt_as_prodservice` WHERE `state` = '发布' AND `cate` = 1 ORDER BY sn  [ RunTime:0.0010s ]
INFO: [ view_parse ] --START--
INFO: [ template_filter ] --START--
INFO: Run Behavior\ContentReplaceBehavior [ RunTime:0.000000s ]
INFO: [ template_filter ] --END-- [ RunTime:0.001000s ]
SQL: SHOW COLUMNS FROM `zt_as_cate` [ RunTime:0.0020s ]
SQL: SELECT * FROM `zt_as_cate` WHERE `id` = 1 LIMIT 1   [ RunTime:0.0000s ]
SQL: SELECT * FROM `zt_as_cate` WHERE `id` = 4 LIMIT 1   [ RunTime:0.0000s ]
SQL: SELECT * FROM `zt_as_cate` WHERE `id` = 4 LIMIT 1   [ RunTime:0.0000s ]
SQL: SELECT * FROM `zt_as_cate` WHERE `id` = 4 LIMIT 1   [ RunTime:0.0000s ]
SQL: SELECT * FROM `zt_as_cate` WHERE `id` = 4 LIMIT 1   [ RunTime:0.0000s ]
SQL: SELECT * FROM `zt_as_cate` WHERE `id` = 4 LIMIT 1   [ RunTime:0.0000s ]
SQL: SELECT * FROM `zt_as_cate` WHERE `id` = 4 LIMIT 1   [ RunTime:0.0000s ]
INFO: Run Behavior\ParseTemplateBehavior [ RunTime:0.024001s ]
INFO: [ view_parse ] --END-- [ RunTime:0.025001s ]
INFO: [ view_filter ] --START--
INFO: Run Behavior\WriteHtmlCacheBehavior [ RunTime:0.000000s ]
INFO: [ view_filter ] --END-- [ RunTime:0.000000s ]
INFO: [ app_end ] --START--
INFO: Run Behavior\ShowPageTraceBehavior [ RunTime:0.000000s ]
INFO: [ app_end ] --END-- [ RunTime:0.000000s ]

[ 2017-02-27T15:45:13+08:00 ] 127.0.0.1 /Xiuli/index.php/Anshun/Service/index/id/5
INFO: [ app_init ] --START--
INFO: Run Behavior\BuildLiteBehavior [ RunTime:0.000000s ]
INFO: [ app_init ] --END-- [ RunTime:0.000000s ]
INFO: [ app_begin ] --START--
INFO: Run Behavior\ReadHtmlCacheBehavior [ RunTime:0.001000s ]
INFO: [ app_begin ] --END-- [ RunTime:0.001000s ]
SQL: SHOW COLUMNS FROM `zt_product` [ RunTime:0.0050s ]
SQL: SELECT `web`,`adress`,`desc`,`phone`,`tel`,`qq`,`url`,`record`,`path`,`img` FROM `zt_product` WHERE `id` = 4 LIMIT 1   [ RunTime:0.0010s ]
SQL: SHOW COLUMNS FROM `zt_as_prodservice` [ RunTime:0.0040s ]
SQL: SELECT * FROM `zt_as_prodservice` WHERE `id` = 5 LIMIT 1   [ RunTime:0.0010s ]
INFO: [ view_parse ] --START--
INFO: [ template_filter ] --START--
INFO: Run Behavior\ContentReplaceBehavior [ RunTime:0.000000s ]
INFO: [ template_filter ] --END-- [ RunTime:0.000000s ]
SQL: SHOW COLUMNS FROM `zt_as_cate` [ RunTime:0.0310s ]
SQL: SELECT * FROM `zt_as_cate` WHERE `id` = 1 LIMIT 1   [ RunTime:0.0000s ]
INFO: Run Behavior\ParseTemplateBehavior [ RunTime:0.047003s ]
INFO: [ view_parse ] --END-- [ RunTime:0.047003s ]
INFO: [ view_filter ] --START--
INFO: Run Behavior\WriteHtmlCacheBehavior [ RunTime:0.001000s ]
INFO: [ view_filter ] --END-- [ RunTime:0.001000s ]
INFO: [ app_end ] --START--
INFO: Run Behavior\ShowPageTraceBehavior [ RunTime:0.000000s ]
INFO: [ app_end ] --END-- [ RunTime:0.000000s ]

[ 2017-02-27T18:13:08+08:00 ] 127.0.0.1 /Xiuli/index.php/Anshun/Service/index/id/5
INFO: [ app_init ] --START--
INFO: Run Behavior\BuildLiteBehavior [ RunTime:0.000000s ]
INFO: [ app_init ] --END-- [ RunTime:0.001000s ]
INFO: [ app_begin ] --START--
INFO: Run Behavior\ReadHtmlCacheBehavior [ RunTime:0.010001s ]
INFO: [ app_begin ] --END-- [ RunTime:0.010001s ]
SQL: SHOW COLUMNS FROM `zt_product` [ RunTime:0.0370s ]
SQL: SELECT `web`,`adress`,`desc`,`phone`,`tel`,`qq`,`url`,`record`,`path`,`img` FROM `zt_product` WHERE `id` = 4 LIMIT 1   [ RunTime:0.0090s ]
SQL: SHOW COLUMNS FROM `zt_as_prodservice` [ RunTime:0.0240s ]
SQL: SELECT * FROM `zt_as_prodservice` WHERE `id` = 5 LIMIT 1   [ RunTime:0.0060s ]
INFO: [ view_parse ] --START--
INFO: [ template_filter ] --START--
INFO: Run Behavior\ContentReplaceBehavior [ RunTime:0.000000s ]
INFO: [ template_filter ] --END-- [ RunTime:0.000000s ]
SQL: SHOW COLUMNS FROM `zt_as_cate` [ RunTime:0.0180s ]
SQL: SELECT * FROM `zt_as_cate` WHERE `id` = 1 LIMIT 1   [ RunTime:0.0010s ]
INFO: Run Behavior\ParseTemplateBehavior [ RunTime:0.051003s ]
INFO: [ view_parse ] --END-- [ RunTime:0.051003s ]
INFO: [ view_filter ] --START--
INFO: Run Behavior\WriteHtmlCacheBehavior [ RunTime:0.008000s ]
INFO: [ view_filter ] --END-- [ RunTime:0.008000s ]
INFO: [ app_end ] --START--
INFO: Run Behavior\ShowPageTraceBehavior [ RunTime:0.012001s ]
INFO: [ app_end ] --END-- [ RunTime:0.012001s ]

[ 2017-02-27T18:13:24+08:00 ] 127.0.0.1 /Xiuli/index.php/Anshun/Servicelist/index/cate/1
INFO: [ app_init ] --START--
INFO: Run Behavior\BuildLiteBehavior [ RunTime:0.000000s ]
INFO: [ app_init ] --END-- [ RunTime:0.001000s ]
INFO: [ app_begin ] --START--
INFO: Run Behavior\ReadHtmlCacheBehavior [ RunTime:0.001000s ]
INFO: [ app_begin ] --END-- [ RunTime:0.001000s ]
SQL: SHOW COLUMNS FROM `zt_product` [ RunTime:0.0030s ]
SQL: SELECT `web`,`adress`,`desc`,`phone`,`tel`,`qq`,`url`,`record`,`path`,`img` FROM `zt_product` WHERE `id` = 4 LIMIT 1   [ RunTime:0.0000s ]
SQL: SHOW COLUMNS FROM `zt_as_cate` [ RunTime:0.0020s ]
SQL: SELECT * FROM `zt_as_cate` WHERE `prodid` = 4 AND `state` = '正常' ORDER BY sn  [ RunTime:0.0270s ]
SQL: SHOW COLUMNS FROM `zt_as_prodservice` [ RunTime:0.0030s ]
SQL: SELECT `id`,`mark`,`name`,`state`,`money`,`smoney`,`num`,`istj`,`cate`,`path`,`img`,`utime` FROM `zt_as_prodservice` WHERE `state` = '发布' AND `cate` = 1 ORDER BY sn  [ RunTime:0.0210s ]
INFO: [ view_parse ] --START--
INFO: [ template_filter ] --START--
INFO: Run Behavior\ContentReplaceBehavior [ RunTime:0.000000s ]
INFO: [ template_filter ] --END-- [ RunTime:0.000000s ]
SQL: SHOW COLUMNS FROM `zt_as_cate` [ RunTime:0.0020s ]
SQL: SELECT * FROM `zt_as_cate` WHERE `id` = 1 LIMIT 1   [ RunTime:0.0010s ]
SQL: SELECT * FROM `zt_as_cate` WHERE `id` = 4 LIMIT 1   [ RunTime:0.0000s ]
SQL: SELECT * FROM `zt_as_cate` WHERE `id` = 4 LIMIT 1   [ RunTime:0.0000s ]
SQL: SELECT * FROM `zt_as_cate` WHERE `id` = 4 LIMIT 1   [ RunTime:0.0000s ]
SQL: SELECT * FROM `zt_as_cate` WHERE `id` = 4 LIMIT 1   [ RunTime:0.0010s ]
SQL: SELECT * FROM `zt_as_cate` WHERE `id` = 4 LIMIT 1   [ RunTime:0.0000s ]
SQL: SELECT * FROM `zt_as_cate` WHERE `id` = 4 LIMIT 1   [ RunTime:0.0010s ]
INFO: Run Behavior\ParseTemplateBehavior [ RunTime:0.074004s ]
INFO: [ view_parse ] --END-- [ RunTime:0.074004s ]
INFO: [ view_filter ] --START--
INFO: Run Behavior\WriteHtmlCacheBehavior [ RunTime:0.001000s ]
INFO: [ view_filter ] --END-- [ RunTime:0.001000s ]
INFO: [ app_end ] --START--
INFO: Run Behavior\ShowPageTraceBehavior [ RunTime:0.001001s ]
INFO: [ app_end ] --END-- [ RunTime:0.001001s ]

[ 2017-02-27T18:13:33+08:00 ] 127.0.0.1 /Xiuli/index.php/Anshun/Servicelist/index/cate/3
INFO: [ app_init ] --START--
INFO: Run Behavior\BuildLiteBehavior [ RunTime:0.000000s ]
INFO: [ app_init ] --END-- [ RunTime:0.000000s ]
INFO: [ app_begin ] --START--
INFO: Run Behavior\ReadHtmlCacheBehavior [ RunTime:0.001000s ]
INFO: [ app_begin ] --END-- [ RunTime:0.001000s ]
SQL: SHOW COLUMNS FROM `zt_product` [ RunTime:0.0030s ]
SQL: SELECT `web`,`adress`,`desc`,`phone`,`tel`,`qq`,`url`,`record`,`path`,`img` FROM `zt_product` WHERE `id` = 4 LIMIT 1   [ RunTime:0.0000s ]
SQL: SHOW COLUMNS FROM `zt_as_cate` [ RunTime:0.0020s ]
SQL: SELECT * FROM `zt_as_cate` WHERE `prodid` = 4 AND `state` = '正常' ORDER BY sn  [ RunTime:0.0010s ]
SQL: SHOW COLUMNS FROM `zt_as_prodservice` [ RunTime:0.0010s ]
SQL: SELECT `id`,`mark`,`name`,`state`,`money`,`smoney`,`num`,`istj`,`cate`,`path`,`img`,`utime` FROM `zt_as_prodservice` WHERE `state` = '发布' AND `cate` = 3 ORDER BY sn  [ RunTime:0.0010s ]
INFO: [ view_parse ] --START--
INFO: [ template_filter ] --START--
INFO: Run Behavior\ContentReplaceBehavior [ RunTime:0.000000s ]
INFO: [ template_filter ] --END-- [ RunTime:0.000000s ]
SQL: SHOW COLUMNS FROM `zt_as_cate` [ RunTime:0.0010s ]
SQL: SELECT * FROM `zt_as_cate` WHERE `id` = 3 LIMIT 1   [ RunTime:0.0000s ]
SQL: SELECT * FROM `zt_as_cate` WHERE `id` = 4 LIMIT 1   [ RunTime:0.0010s ]
SQL: SELECT * FROM `zt_as_cate` WHERE `id` = 4 LIMIT 1   [ RunTime:0.0000s ]
SQL: SELECT * FROM `zt_as_cate` WHERE `id` = 4 LIMIT 1   [ RunTime:0.0000s ]
SQL: SELECT * FROM `zt_as_cate` WHERE `id` = 4 LIMIT 1   [ RunTime:0.0000s ]
SQL: SELECT * FROM `zt_as_cate` WHERE `id` = 4 LIMIT 1   [ RunTime:0.0010s ]
SQL: SELECT * FROM `zt_as_cate` WHERE `id` = 4 LIMIT 1   [ RunTime:0.0000s ]
INFO: Run Behavior\ParseTemplateBehavior [ RunTime:0.009000s ]
INFO: [ view_parse ] --END-- [ RunTime:0.009000s ]
INFO: [ view_filter ] --START--
INFO: Run Behavior\WriteHtmlCacheBehavior [ RunTime:0.000000s ]
INFO: [ view_filter ] --END-- [ RunTime:0.000000s ]
INFO: [ app_end ] --START--
INFO: Run Behavior\ShowPageTraceBehavior [ RunTime:0.001000s ]
INFO: [ app_end ] --END-- [ RunTime:0.001000s ]

[ 2017-02-27T18:14:15+08:00 ] 127.0.0.1 /Xiuli/index.php/Anshun/Servicelist/index/cate/3
INFO: [ app_init ] --START--
INFO: Run Behavior\BuildLiteBehavior [ RunTime:0.000000s ]
INFO: [ app_init ] --END-- [ RunTime:0.001000s ]
INFO: [ app_begin ] --START--
INFO: Run Behavior\ReadHtmlCacheBehavior [ RunTime:0.001000s ]
INFO: [ app_begin ] --END-- [ RunTime:0.001000s ]
SQL: SHOW COLUMNS FROM `zt_product` [ RunTime:0.0300s ]
SQL: SELECT `web`,`adress`,`desc`,`phone`,`tel`,`qq`,`url`,`record`,`path`,`img` FROM `zt_product` WHERE `id` = 4 LIMIT 1   [ RunTime:0.0010s ]
SQL: SHOW COLUMNS FROM `zt_as_cate` [ RunTime:0.0050s ]
SQL: SELECT * FROM `zt_as_cate` WHERE `prodid` = 4 AND `state` = '正常' ORDER BY sn  [ RunTime:0.0010s ]
SQL: SHOW COLUMNS FROM `zt_as_prodservice` [ RunTime:0.0060s ]
SQL: SELECT `id`,`mark`,`name`,`state`,`money`,`smoney`,`num`,`istj`,`cate`,`path`,`img`,`utime` FROM `zt_as_prodservice` WHERE `state` = '发布' AND `cate` = 3 ORDER BY sn  [ RunTime:0.0010s ]
INFO: [ view_parse ] --START--
INFO: [ template_filter ] --START--
INFO: Run Behavior\ContentReplaceBehavior [ RunTime:0.000000s ]
INFO: [ template_filter ] --END-- [ RunTime:0.000000s ]
SQL: SHOW COLUMNS FROM `zt_as_cate` [ RunTime:0.0020s ]
SQL: SELECT * FROM `zt_as_cate` WHERE `id` = 3 LIMIT 1   [ RunTime:0.0000s ]
SQL: SELECT * FROM `zt_as_cate` WHERE `id` = 4 LIMIT 1   [ RunTime:0.0000s ]
SQL: SELECT * FROM `zt_as_cate` WHERE `id` = 4 LIMIT 1   [ RunTime:0.0000s ]
SQL: SELECT * FROM `zt_as_cate` WHERE `id` = 4 LIMIT 1   [ RunTime:0.0000s ]
SQL: SELECT * FROM `zt_as_cate` WHERE `id` = 4 LIMIT 1   [ RunTime:0.0000s ]
SQL: SELECT * FROM `zt_as_cate` WHERE `id` = 4 LIMIT 1   [ RunTime:0.0000s ]
SQL: SELECT * FROM `zt_as_cate` WHERE `id` = 4 LIMIT 1   [ RunTime:0.0000s ]
INFO: Run Behavior\ParseTemplateBehavior [ RunTime:0.015001s ]
INFO: [ view_parse ] --END-- [ RunTime:0.015001s ]
INFO: [ view_filter ] --START--
INFO: Run Behavior\WriteHtmlCacheBehavior [ RunTime:0.000000s ]
INFO: [ view_filter ] --END-- [ RunTime:0.000000s ]
INFO: [ app_end ] --START--
INFO: Run Behavior\ShowPageTraceBehavior [ RunTime:0.000000s ]
INFO: [ app_end ] --END-- [ RunTime:0.000000s ]

[ 2017-02-27T18:18:32+08:00 ] 127.0.0.1 /Xiuli/index.php/Anshun/Service/index/id/22
INFO: [ app_init ] --START--
INFO: Run Behavior\BuildLiteBehavior [ RunTime:0.000000s ]
INFO: [ app_init ] --END-- [ RunTime:0.000000s ]
INFO: [ app_begin ] --START--
INFO: Run Behavior\ReadHtmlCacheBehavior [ RunTime:0.001000s ]
INFO: [ app_begin ] --END-- [ RunTime:0.001000s ]
SQL: SHOW COLUMNS FROM `zt_product` [ RunTime:0.0030s ]
SQL: SELECT `web`,`adress`,`desc`,`phone`,`tel`,`qq`,`url`,`record`,`path`,`img` FROM `zt_product` WHERE `id` = 4 LIMIT 1   [ RunTime:0.0000s ]
SQL: SHOW COLUMNS FROM `zt_as_prodservice` [ RunTime:0.0020s ]
SQL: SELECT * FROM `zt_as_prodservice` WHERE `id` = 22 LIMIT 1   [ RunTime:0.0010s ]
INFO: [ view_parse ] --START--
INFO: [ template_filter ] --START--
INFO: Run Behavior\ContentReplaceBehavior [ RunTime:0.000000s ]
INFO: [ template_filter ] --END-- [ RunTime:0.000000s ]
SQL: SHOW COLUMNS FROM `zt_as_cate` [ RunTime:0.0030s ]
SQL: SELECT * FROM `zt_as_cate` WHERE `id` = 3 LIMIT 1   [ RunTime:0.0000s ]
INFO: Run Behavior\ParseTemplateBehavior [ RunTime:0.010001s ]
INFO: [ view_parse ] --END-- [ RunTime:0.010001s ]
INFO: [ view_filter ] --START--
INFO: Run Behavior\WriteHtmlCacheBehavior [ RunTime:0.001000s ]
INFO: [ view_filter ] --END-- [ RunTime:0.001000s ]
INFO: [ app_end ] --START--
INFO: Run Behavior\ShowPageTraceBehavior [ RunTime:0.000000s ]
INFO: [ app_end ] --END-- [ RunTime:0.000000s ]

